{"/Users/goconqueror/Desktop/vedaAI_prototype/backend/src/config/env.ts": {"path":"/Users/goconqueror/Desktop/vedaAI_prototype/backend/src/config/env.ts","statementMap":{"0":{"start":{"line":95,"column":0},"end":{"line":95,"column":16}},"1":{"start":{"line":139,"column":0},"end":{"line":139,"column":16}},"2":{"start":{"line":1,"column":27},"end":{"line":1,"column":50}},"3":{"start":{"line":2,"column":21},"end":{"line":2,"column":25}},"4":{"start":{"line":3,"column":28},"end":{"line":3,"column":36}},"5":{"start":{"line":4,"column":29},"end":{"line":4,"column":47}},"6":{"start":{"line":5,"column":27},"end":{"line":5,"column":52}},"7":{"start":{"line":6,"column":38},"end":{"line":6,"column":44}},"8":{"start":{"line":8,"column":13},"end":{"line":8,"column":56}},"9":{"start":{"line":12,"column":16},"end":{"line":12,"column":41}},"10":{"start":{"line":13,"column":2},"end":{"line":18,"column":3}},"11":{"start":{"line":14,"column":4},"end":{"line":17,"column":6}},"12":{"start":{"line":19,"column":2},"end":{"line":19,"column":15}},"13":{"start":{"line":23,"column":16},"end":{"line":23,"column":41}},"14":{"start":{"line":24,"column":2},"end":{"line":24,"column":54}},"15":{"start":{"line":28,"column":16},"end":{"line":28,"column":55}},"16":{"start":{"line":30,"column":2},"end":{"line":30,"column":30}},"17":{"start":{"line":30,"column":14},"end":{"line":30,"column":30}},"18":{"start":{"line":32,"column":2},"end":{"line":32,"column":62}},"19":{"start":{"line":36,"column":16},"end":{"line":36,"column":41}},"20":{"start":{"line":38,"column":2},"end":{"line":38,"column":30}},"21":{"start":{"line":38,"column":14},"end":{"line":38,"column":30}},"22":{"start":{"line":40,"column":17},"end":{"line":40,"column":30}},"23":{"start":{"line":42,"column":2},"end":{"line":46,"column":3}},"24":{"start":{"line":43,"column":4},"end":{"line":45,"column":6}},"25":{"start":{"line":48,"column":2},"end":{"line":48,"column":16}},"26":{"start":{"line":52,"column":16},"end":{"line":52,"column":56}},"27":{"start":{"line":54,"column":2},"end":{"line":54,"column":31}},"28":{"start":{"line":54,"column":14},"end":{"line":54,"column":31}},"29":{"start":{"line":56,"column":2},"end":{"line":56,"column":37}},"30":{"start":{"line":60,"column":16},"end":{"line":60,"column":78}},"31":{"start":{"line":62,"column":2},"end":{"line":66,"column":3}},"32":{"start":{"line":63,"column":4},"end":{"line":65,"column":6}},"33":{"start":{"line":68,"column":2},"end":{"line":68,"column":33}},"34":{"start":{"line":71,"column":13},"end":{"line":93,"column":2}},"35":{"start":{"line":96,"column":2},"end":{"line":96,"column":30}},"36":{"start":{"line":98,"column":2},"end":{"line":102,"column":3}},"37":{"start":{"line":99,"column":4},"end":{"line":101,"column":6}},"38":{"start":{"line":104,"column":2},"end":{"line":106,"column":3}},"39":{"start":{"line":105,"column":4},"end":{"line":105,"column":77}},"40":{"start":{"line":108,"column":2},"end":{"line":112,"column":3}},"41":{"start":{"line":109,"column":4},"end":{"line":111,"column":6}},"42":{"start":{"line":114,"column":2},"end":{"line":116,"column":3}},"43":{"start":{"line":115,"column":4},"end":{"line":115,"column":61}},"44":{"start":{"line":118,"column":2},"end":{"line":136,"column":3}},"45":{"start":{"line":119,"column":4},"end":{"line":123,"column":5}},"46":{"start":{"line":120,"column":6},"end":{"line":122,"column":8}},"47":{"start":{"line":125,"column":4},"end":{"line":129,"column":5}},"48":{"start":{"line":126,"column":6},"end":{"line":128,"column":8}},"49":{"start":{"line":131,"column":4},"end":{"line":135,"column":5}},"50":{"start":{"line":132,"column":6},"end":{"line":134,"column":8}},"51":{"start":{"line":140,"column":2},"end":{"line":143,"column":21}},"52":{"start":{"line":142,"column":21},"end":{"line":142,"column":34}}},"fnMap":{"0":{"name":"readRequired","decl":{"start":{"line":11,"column":9},"end":{"line":11,"column":21}},"loc":{"start":{"line":11,"column":34},"end":{"line":20,"column":1}}},"1":{"name":"readOptional","decl":{"start":{"line":22,"column":9},"end":{"line":22,"column":21}},"loc":{"start":{"line":22,"column":52},"end":{"line":25,"column":1}}},"2":{"name":"readBoolean","decl":{"start":{"line":27,"column":9},"end":{"line":27,"column":20}},"loc":{"start":{"line":27,"column":51},"end":{"line":33,"column":1}}},"3":{"name":"readOptionalPositiveNumber","decl":{"start":{"line":35,"column":9},"end":{"line":35,"column":35}},"loc":{"start":{"line":35,"column":66},"end":{"line":49,"column":1}}},"4":{"name":"readFirebasePrivateKey","decl":{"start":{"line":51,"column":9},"end":{"line":51,"column":31}},"loc":{"start":{"line":51,"column":31},"end":{"line":57,"column":1}}},"5":{"name":"readAIProvider","decl":{"start":{"line":59,"column":9},"end":{"line":59,"column":23}},"loc":{"start":{"line":59,"column":23},"end":{"line":69,"column":1}}},"6":{"name":"validateEnv","decl":{"start":{"line":95,"column":16},"end":{"line":95,"column":27}},"loc":{"start":{"line":95,"column":27},"end":{"line":137,"column":1}}},"7":{"name":"getCorsOrigins","decl":{"start":{"line":139,"column":16},"end":{"line":139,"column":30}},"loc":{"start":{"line":139,"column":30},"end":{"line":144,"column":1}}},"8":{"name":"(anonymous_8)","decl":{"start":{"line":142,"column":9},"end":{"line":142,"column":10}},"loc":{"start":{"line":142,"column":21},"end":{"line":142,"column":34}}}},"branchMap":{"0":{"loc":{"start":{"line":13,"column":2},"end":{"line":18,"column":3}},"type":"if","locations":[{"start":{"line":13,"column":2},"end":{"line":18,"column":3}},{"start":{},"end":{}}]},"1":{"loc":{"start":{"line":24,"column":9},"end":{"line":24,"column":53}},"type":"cond-expr","locations":[{"start":{"line":24,"column":37},"end":{"line":24,"column":42}},{"start":{"line":24,"column":45},"end":{"line":24,"column":53}}]},"2":{"loc":{"start":{"line":24,"column":9},"end":{"line":24,"column":34}},"type":"binary-expr","locations":[{"start":{"line":24,"column":9},"end":{"line":24,"column":14}},{"start":{"line":24,"column":18},"end":{"line":24,"column":34}}]},"3":{"loc":{"start":{"line":27,"column":35},"end":{"line":27,"column":51}},"type":"default-arg","locations":[{"start":{"line":27,"column":46},"end":{"line":27,"column":51}}]},"4":{"loc":{"start":{"line":30,"column":2},"end":{"line":30,"column":30}},"type":"if","locations":[{"start":{"line":30,"column":2},"end":{"line":30,"column":30}},{"start":{},"end":{}}]},"5":{"loc":{"start":{"line":32,"column":9},"end":{"line":32,"column":61}},"type":"binary-expr","locations":[{"start":{"line":32,"column":9},"end":{"line":32,"column":25}},{"start":{"line":32,"column":29},"end":{"line":32,"column":42}},{"start":{"line":32,"column":46},"end":{"line":32,"column":61}}]},"6":{"loc":{"start":{"line":38,"column":2},"end":{"line":38,"column":30}},"type":"if","locations":[{"start":{"line":38,"column":2},"end":{"line":38,"column":30}},{"start":{},"end":{}}]},"7":{"loc":{"start":{"line":42,"column":2},"end":{"line":46,"column":3}},"type":"if","locations":[{"start":{"line":42,"column":2},"end":{"line":46,"column":3}},{"start":{},"end":{}}]},"8":{"loc":{"start":{"line":42,"column":6},"end":{"line":42,"column":41}},"type":"binary-expr","locations":[{"start":{"line":42,"column":6},"end":{"line":42,"column":26}},{"start":{"line":42,"column":30},"end":{"line":42,"column":41}}]},"9":{"loc":{"start":{"line":54,"column":2},"end":{"line":54,"column":31}},"type":"if","locations":[{"start":{"line":54,"column":2},"end":{"line":54,"column":31}},{"start":{},"end":{}}]},"10":{"loc":{"start":{"line":62,"column":2},"end":{"line":66,"column":3}},"type":"if","locations":[{"start":{"line":62,"column":2},"end":{"line":66,"column":3}},{"start":{},"end":{}}]},"11":{"loc":{"start":{"line":72,"column":11},"end":{"line":72,"column":48}},"type":"binary-expr","locations":[{"start":{"line":72,"column":11},"end":{"line":72,"column":31}},{"start":{"line":72,"column":35},"end":{"line":72,"column":48}}]},"12":{"loc":{"start":{"line":74,"column":15},"end":{"line":74,"column":47}},"type":"binary-expr","locations":[{"start":{"line":74,"column":15},"end":{"line":74,"column":31}},{"start":{"line":74,"column":35},"end":{"line":74,"column":47}}]},"13":{"loc":{"start":{"line":77,"column":16},"end":{"line":77,"column":63}},"type":"binary-expr","locations":[{"start":{"line":77,"column":16},"end":{"line":77,"column":50}},{"start":{"line":77,"column":54},"end":{"line":77,"column":63}}]},"14":{"loc":{"start":{"line":79,"column":14},"end":{"line":79,"column":59}},"type":"binary-expr","locations":[{"start":{"line":79,"column":14},"end":{"line":79,"column":46}},{"start":{"line":79,"column":50},"end":{"line":79,"column":59}}]},"15":{"loc":{"start":{"line":86,"column":12},"end":{"line":86,"column":54}},"type":"binary-expr","locations":[{"start":{"line":86,"column":12},"end":{"line":86,"column":41}},{"start":{"line":86,"column":45},"end":{"line":86,"column":54}}]},"16":{"loc":{"start":{"line":87,"column":13},"end":{"line":87,"column":58}},"type":"binary-expr","locations":[{"start":{"line":87,"column":13},"end":{"line":87,"column":43}},{"start":{"line":87,"column":47},"end":{"line":87,"column":58}}]},"17":{"loc":{"start":{"line":88,"column":20},"end":{"line":88,"column":50}},"type":"binary-expr","locations":[{"start":{"line":88,"column":20},"end":{"line":88,"column":42}},{"start":{"line":88,"column":46},"end":{"line":88,"column":50}}]},"18":{"loc":{"start":{"line":90,"column":21},"end":{"line":90,"column":73}},"type":"binary-expr","locations":[{"start":{"line":90,"column":21},"end":{"line":90,"column":60}},{"start":{"line":90,"column":64},"end":{"line":90,"column":73}}]},"19":{"loc":{"start":{"line":91,"column":23},"end":{"line":91,"column":77}},"type":"binary-expr","locations":[{"start":{"line":91,"column":23},"end":{"line":91,"column":64}},{"start":{"line":91,"column":68},"end":{"line":91,"column":77}}]},"20":{"loc":{"start":{"line":98,"column":2},"end":{"line":102,"column":3}},"type":"if","locations":[{"start":{"line":98,"column":2},"end":{"line":102,"column":3}},{"start":{},"end":{}}]},"21":{"loc":{"start":{"line":98,"column":6},"end":{"line":98,"column":54}},"type":"binary-expr","locations":[{"start":{"line":98,"column":6},"end":{"line":98,"column":33}},{"start":{"line":98,"column":37},"end":{"line":98,"column":54}}]},"22":{"loc":{"start":{"line":104,"column":2},"end":{"line":106,"column":3}},"type":"if","locations":[{"start":{"line":104,"column":2},"end":{"line":106,"column":3}},{"start":{},"end":{}}]},"23":{"loc":{"start":{"line":104,"column":6},"end":{"line":104,"column":50}},"type":"binary-expr","locations":[{"start":{"line":104,"column":6},"end":{"line":104,"column":31}},{"start":{"line":104,"column":35},"end":{"line":104,"column":50}}]},"24":{"loc":{"start":{"line":108,"column":2},"end":{"line":112,"column":3}},"type":"if","locations":[{"start":{"line":108,"column":2},"end":{"line":112,"column":3}},{"start":{},"end":{}}]},"25":{"loc":{"start":{"line":108,"column":6},"end":{"line":108,"column":37}},"type":"binary-expr","locations":[{"start":{"line":108,"column":6},"end":{"line":108,"column":19}},{"start":{"line":108,"column":23},"end":{"line":108,"column":37}}]},"26":{"loc":{"start":{"line":114,"column":2},"end":{"line":116,"column":3}},"type":"if","locations":[{"start":{"line":114,"column":2},"end":{"line":116,"column":3}},{"start":{},"end":{}}]},"27":{"loc":{"start":{"line":114,"column":6},"end":{"line":114,"column":45}},"type":"binary-expr","locations":[{"start":{"line":114,"column":6},"end":{"line":114,"column":28}},{"start":{"line":114,"column":32},"end":{"line":114,"column":45}}]},"28":{"loc":{"start":{"line":118,"column":2},"end":{"line":136,"column":3}},"type":"if","locations":[{"start":{"line":118,"column":2},"end":{"line":136,"column":3}},{"start":{},"end":{}}]},"29":{"loc":{"start":{"line":119,"column":4},"end":{"line":123,"column":5}},"type":"if","locations":[{"start":{"line":119,"column":4},"end":{"line":123,"column":5}},{"start":{},"end":{}}]},"30":{"loc":{"start":{"line":125,"column":4},"end":{"line":129,"column":5}},"type":"if","locations":[{"start":{"line":125,"column":4},"end":{"line":129,"column":5}},{"start":{},"end":{}}]},"31":{"loc":{"start":{"line":131,"column":4},"end":{"line":135,"column":5}},"type":"if","locations":[{"start":{"line":131,"column":4},"end":{"line":135,"column":5}},{"start":{},"end":{}}]}},"s":{"0":3,"1":3,"2":3,"3":3,"4":3,"5":3,"6":3,"7":3,"8":3,"9":3,"10":3,"11":0,"12":3,"13":12,"14":12,"15":3,"16":3,"17":0,"18":3,"19":3,"20":3,"21":3,"22":0,"23":0,"24":0,"25":0,"26":3,"27":3,"28":3,"29":0,"30":3,"31":3,"32":0,"33":3,"34":3,"35":0,"36":0,"37":0,"38":0,"39":0,"40":0,"41":0,"42":0,"43":0,"44":0,"45":0,"46":0,"47":0,"48":0,"49":0,"50":0,"51":0,"52":0},"f":{"0":3,"1":12,"2":3,"3":3,"4":3,"5":3,"6":0,"7":0,"8":0},"b":{"0":[0,3],"1":[0,12],"2":[12,0],"3":[0],"4":[0,3],"5":[3,3,3],"6":[3,0],"7":[0,0],"8":[0,0],"9":[3,0],"10":[0,3],"11":[3,0],"12":[3,3],"13":[3,0],"14":[3,3],"15":[3,0],"16":[3,3],"17":[3,3],"18":[3,3],"19":[3,3],"20":[0,0],"21":[0,0],"22":[0,0],"23":[0,0],"24":[0,0],"25":[0,0],"26":[0,0],"27":[0,0],"28":[0,0],"29":[0,0],"30":[0,0],"31":[0,0]}}
,"/Users/goconqueror/Desktop/vedaAI_prototype/backend/src/config/uploads.ts": {"path":"/Users/goconqueror/Desktop/vedaAI_prototype/backend/src/config/uploads.ts","statementMap":{"0":{"start":{"line":1,"column":0},"end":{"line":1,"column":29}},"1":{"start":{"line":3,"column":13},"end":{"line":3,"column":56}}},"fnMap":{},"branchMap":{},"s":{"0":1,"1":1},"f":{},"b":{}}
,"/Users/goconqueror/Desktop/vedaAI_prototype/backend/src/middleware/uploadErrorHandler.ts": {"path":"/Users/goconqueror/Desktop/vedaAI_prototype/backend/src/middleware/uploadErrorHandler.ts","statementMap":{"0":{"start":{"line":6,"column":0},"end":{"line":6,"column":16}},"1":{"start":{"line":48,"column":0},"end":{"line":48,"column":16}},"2":{"start":{"line":54,"column":0},"end":{"line":54,"column":16}},"3":{"start":{"line":2,"column":0},"end":{"line":2,"column":28}},"4":{"start":{"line":3,"column":0},"end":{"line":3,"column":71}},"5":{"start":{"line":4,"column":0},"end":{"line":4,"column":42}},"6":{"start":{"line":12,"column":2},"end":{"line":34,"column":3}},"7":{"start":{"line":13,"column":4},"end":{"line":19,"column":5}},"8":{"start":{"line":14,"column":6},"end":{"line":17,"column":9}},"9":{"start":{"line":18,"column":6},"end":{"line":18,"column":13}},"10":{"start":{"line":21,"column":4},"end":{"line":27,"column":5}},"11":{"start":{"line":22,"column":6},"end":{"line":25,"column":9}},"12":{"start":{"line":26,"column":6},"end":{"line":26,"column":13}},"13":{"start":{"line":29,"column":4},"end":{"line":32,"column":7}},"14":{"start":{"line":33,"column":4},"end":{"line":33,"column":11}},"15":{"start":{"line":36,"column":2},"end":{"line":43,"column":3}},"16":{"start":{"line":37,"column":4},"end":{"line":37,"column":75}},"17":{"start":{"line":38,"column":4},"end":{"line":41,"column":7}},"18":{"start":{"line":42,"column":4},"end":{"line":42,"column":11}},"19":{"start":{"line":45,"column":2},"end":{"line":45,"column":12}},"20":{"start":{"line":49,"column":2},"end":{"line":51,"column":3}},"21":{"start":{"line":50,"column":4},"end":{"line":50,"column":66}},"22":{"start":{"line":55,"column":2},"end":{"line":55,"column":46}},"23":{"start":{"line":55,"column":33},"end":{"line":55,"column":46}},"24":{"start":{"line":57,"column":2},"end":{"line":67,"column":4}}},"fnMap":{"0":{"name":"uploadErrorHandler","decl":{"start":{"line":6,"column":16},"end":{"line":6,"column":34}},"loc":{"start":{"line":10,"column":20},"end":{"line":46,"column":1}}},"1":{"name":"assertUploadWithinLimit","decl":{"start":{"line":48,"column":16},"end":{"line":48,"column":39}},"loc":{"start":{"line":48,"column":52},"end":{"line":52,"column":1}}},"2":{"name":"isMaterialUploadError","decl":{"start":{"line":54,"column":16},"end":{"line":54,"column":37}},"loc":{"start":{"line":54,"column":52},"end":{"line":68,"column":1}}}},"branchMap":{"0":{"loc":{"start":{"line":12,"column":2},"end":{"line":34,"column":3}},"type":"if","locations":[{"start":{"line":12,"column":2},"end":{"line":34,"column":3}},{"start":{},"end":{}}]},"1":{"loc":{"start":{"line":13,"column":4},"end":{"line":19,"column":5}},"type":"if","locations":[{"start":{"line":13,"column":4},"end":{"line":19,"column":5}},{"start":{},"end":{}}]},"2":{"loc":{"start":{"line":21,"column":4},"end":{"line":27,"column":5}},"type":"if","locations":[{"start":{"line":21,"column":4},"end":{"line":27,"column":5}},{"start":{},"end":{}}]},"3":{"loc":{"start":{"line":36,"column":2},"end":{"line":43,"column":3}},"type":"if","locations":[{"start":{"line":36,"column":2},"end":{"line":43,"column":3}},{"start":{},"end":{}}]},"4":{"loc":{"start":{"line":49,"column":2},"end":{"line":51,"column":3}},"type":"if","locations":[{"start":{"line":49,"column":2},"end":{"line":51,"column":3}},{"start":{},"end":{}}]},"5":{"loc":{"start":{"line":55,"column":2},"end":{"line":55,"column":46}},"type":"if","locations":[{"start":{"line":55,"column":2},"end":{"line":55,"column":46}},{"start":{},"end":{}}]},"6":{"loc":{"start":{"line":58,"column":4},"end":{"line":66,"column":45}},"type":"binary-expr","locations":[{"start":{"line":58,"column":4},"end":{"line":58,"column":46}},{"start":{"line":59,"column":4},"end":{"line":59,"column":51}},{"start":{"line":60,"column":4},"end":{"line":60,"column":46}},{"start":{"line":61,"column":4},"end":{"line":61,"column":48}},{"start":{"line":62,"column":4},"end":{"line":62,"column":61}},{"start":{"line":63,"column":4},"end":{"line":63,"column":54}},{"start":{"line":64,"column":4},"end":{"line":64,"column":53}},{"start":{"line":65,"column":4},"end":{"line":65,"column":61}},{"start":{"line":66,"column":4},"end":{"line":66,"column":45}}]}},"s":{"0":1,"1":1,"2":1,"3":1,"4":1,"5":1,"6":0,"7":0,"8":0,"9":0,"10":0,"11":0,"12":0,"13":0,"14":0,"15":0,"16":0,"17":0,"18":0,"19":0,"20":0,"21":0,"22":0,"23":0,"24":0},"f":{"0":0,"1":0,"2":0},"b":{"0":[0,0],"1":[0,0],"2":[0,0],"3":[0,0],"4":[0,0],"5":[0,0],"6":[0,0,0,0,0,0,0,0,0]}}
,"/Users/goconqueror/Desktop/vedaAI_prototype/backend/src/modules/assignment/assignment.constants.ts": {"path":"/Users/goconqueror/Desktop/vedaAI_prototype/backend/src/modules/assignment/assignment.constants.ts","statementMap":{"0":{"start":{"line":1,"column":0},"end":{"line":1,"column":58}},"1":{"start":{"line":4,"column":13},"end":{"line":4,"column":59}},"2":{"start":{"line":6,"column":13},"end":{"line":10,"column":11}}},"fnMap":{},"branchMap":{},"s":{"0":1,"1":1,"2":1},"f":{},"b":{}}
,"/Users/goconqueror/Desktop/vedaAI_prototype/backend/src/modules/assignment/assignment.controller.ts": {"path":"/Users/goconqueror/Desktop/vedaAI_prototype/backend/src/modules/assignment/assignment.controller.ts","statementMap":{"0":{"start":{"line":126,"column":0},"end":{"line":126,"column":7}},"1":{"start":{"line":257,"column":0},"end":{"line":257,"column":16}},"2":{"start":{"line":272,"column":0},"end":{"line":272,"column":7}},"3":{"start":{"line":292,"column":0},"end":{"line":292,"column":7}},"4":{"start":{"line":326,"column":0},"end":{"line":326,"column":7}},"5":{"start":{"line":369,"column":0},"end":{"line":369,"column":7}},"6":{"start":{"line":422,"column":0},"end":{"line":422,"column":7}},"7":{"start":{"line":471,"column":0},"end":{"line":471,"column":7}},"8":{"start":{"line":2,"column":0},"end":{"line":2,"column":null}},"9":{"start":{"line":6,"column":0},"end":{"line":6,"column":96}},"10":{"start":{"line":7,"column":0},"end":{"line":7,"column":null}},"11":{"start":{"line":11,"column":0},"end":{"line":11,"column":null}},"12":{"start":{"line":15,"column":0},"end":{"line":15,"column":null}},"13":{"start":{"line":20,"column":0},"end":{"line":20,"column":64}},"14":{"start":{"line":21,"column":0},"end":{"line":21,"column":68}},"15":{"start":{"line":22,"column":0},"end":{"line":22,"column":48}},"16":{"start":{"line":23,"column":0},"end":{"line":23,"column":null}},"17":{"start":{"line":29,"column":0},"end":{"line":29,"column":null}},"18":{"start":{"line":33,"column":0},"end":{"line":33,"column":null}},"19":{"start":{"line":37,"column":0},"end":{"line":37,"column":78}},"20":{"start":{"line":38,"column":0},"end":{"line":38,"column":45}},"21":{"start":{"line":66,"column":2},"end":{"line":68,"column":3}},"22":{"start":{"line":67,"column":4},"end":{"line":67,"column":47}},"23":{"start":{"line":70,"column":2},"end":{"line":70,"column":15}},"24":{"start":{"line":74,"column":2},"end":{"line":74,"column":39}},"25":{"start":{"line":74,"column":29},"end":{"line":74,"column":39}},"26":{"start":{"line":76,"column":2},"end":{"line":76,"column":85}},"27":{"start":{"line":76,"column":44},"end":{"line":76,"column":83}},"28":{"start":{"line":80,"column":2},"end":{"line":83,"column":4}},"29":{"start":{"line":87,"column":2},"end":{"line":87,"column":66}},"30":{"start":{"line":87,"column":53},"end":{"line":87,"column":66}},"31":{"start":{"line":88,"column":2},"end":{"line":88,"column":76}},"32":{"start":{"line":88,"column":60},"end":{"line":88,"column":76}},"33":{"start":{"line":89,"column":2},"end":{"line":89,"column":14}},"34":{"start":{"line":93,"column":2},"end":{"line":99,"column":3}},"35":{"start":{"line":94,"column":4},"end":{"line":97,"column":7}},"36":{"start":{"line":98,"column":4},"end":{"line":98,"column":16}},"37":{"start":{"line":101,"column":2},"end":{"line":101,"column":22}},"38":{"start":{"line":110,"column":44},"end":{"line":113,"column":4}},"39":{"start":{"line":115,"column":2},"end":{"line":117,"column":3}},"40":{"start":{"line":116,"column":4},"end":{"line":116,"column":43}},"41":{"start":{"line":119,"column":2},"end":{"line":121,"column":3}},"42":{"start":{"line":120,"column":4},"end":{"line":120,"column":55}},"43":{"start":{"line":123,"column":2},"end":{"line":123,"column":17}},"44":{"start":{"line":131,"column":22},"end":{"line":132,"column":null}},"45":{"start":{"line":135,"column":2},"end":{"line":254,"column":3}},"46":{"start":{"line":136,"column":19},"end":{"line":136,"column":49}},"47":{"start":{"line":137,"column":4},"end":{"line":137,"column":24}},"48":{"start":{"line":137,"column":17},"end":{"line":137,"column":24}},"49":{"start":{"line":141,"column":4},"end":{"line":161,"column":5}},"50":{"start":{"line":143,"column":8},"end":{"line":144,"column":54}},"51":{"start":{"line":146,"column":26},"end":{"line":146,"column":64}},"52":{"start":{"line":148,"column":6},"end":{"line":160,"column":7}},"53":{"start":{"line":149,"column":8},"end":{"line":154,"column":11}},"54":{"start":{"line":155,"column":8},"end":{"line":158,"column":11}},"55":{"start":{"line":159,"column":8},"end":{"line":159,"column":15}},"56":{"start":{"line":171,"column":8},"end":{"line":171,"column":40}},"57":{"start":{"line":173,"column":27},"end":{"line":173,"column":65}},"58":{"start":{"line":174,"column":26},"end":{"line":174,"column":72}},"59":{"start":{"line":176,"column":23},"end":{"line":176,"column":63}},"60":{"start":{"line":181,"column":4},"end":{"line":187,"column":5}},"61":{"start":{"line":182,"column":21},"end":{"line":182,"column":60}},"62":{"start":{"line":183,"column":6},"end":{"line":183,"column":41}},"63":{"start":{"line":184,"column":6},"end":{"line":184,"column":45}},"64":{"start":{"line":185,"column":6},"end":{"line":185,"column":53}},"65":{"start":{"line":186,"column":6},"end":{"line":186,"column":49}},"66":{"start":{"line":189,"column":23},"end":{"line":203,"column":6}},"67":{"start":{"line":205,"column":4},"end":{"line":209,"column":7}},"68":{"start":{"line":211,"column":52},"end":{"line":225,"column":6}},"69":{"start":{"line":227,"column":18},"end":{"line":227,"column":63}},"70":{"start":{"line":229,"column":4},"end":{"line":229,"column":29}},"71":{"start":{"line":230,"column":4},"end":{"line":230,"column":28}},"72":{"start":{"line":232,"column":4},"end":{"line":239,"column":7}},"73":{"start":{"line":241,"column":4},"end":{"line":247,"column":5}},"74":{"start":{"line":242,"column":6},"end":{"line":245,"column":9}},"75":{"start":{"line":246,"column":6},"end":{"line":246,"column":13}},"76":{"start":{"line":249,"column":4},"end":{"line":249,"column":16}},"77":{"start":{"line":251,"column":4},"end":{"line":253,"column":5}},"78":{"start":{"line":252,"column":6},"end":{"line":252,"column":45}},"79":{"start":{"line":262,"column":2},"end":{"line":269,"column":5}},"80":{"start":{"line":263,"column":4},"end":{"line":266,"column":5}},"81":{"start":{"line":264,"column":6},"end":{"line":264,"column":48}},"82":{"start":{"line":265,"column":6},"end":{"line":265,"column":13}},"83":{"start":{"line":268,"column":4},"end":{"line":268,"column":11}},"84":{"start":{"line":277,"column":2},"end":{"line":289,"column":3}},"85":{"start":{"line":278,"column":19},"end":{"line":278,"column":49}},"86":{"start":{"line":279,"column":4},"end":{"line":279,"column":24}},"87":{"start":{"line":279,"column":17},"end":{"line":279,"column":24}},"88":{"start":{"line":281,"column":24},"end":{"line":281,"column":59}},"89":{"start":{"line":283,"column":4},"end":{"line":286,"column":7}},"90":{"start":{"line":288,"column":4},"end":{"line":288,"column":16}},"91":{"start":{"line":297,"column":2},"end":{"line":323,"column":3}},"92":{"start":{"line":298,"column":19},"end":{"line":298,"column":49}},"93":{"start":{"line":299,"column":4},"end":{"line":299,"column":24}},"94":{"start":{"line":299,"column":17},"end":{"line":299,"column":24}},"95":{"start":{"line":301,"column":15},"end":{"line":301,"column":43}},"96":{"start":{"line":302,"column":4},"end":{"line":305,"column":5}},"97":{"start":{"line":303,"column":6},"end":{"line":303,"column":81}},"98":{"start":{"line":304,"column":6},"end":{"line":304,"column":13}},"99":{"start":{"line":307,"column":23},"end":{"line":307,"column":65}},"100":{"start":{"line":309,"column":4},"end":{"line":315,"column":5}},"101":{"start":{"line":310,"column":6},"end":{"line":313,"column":9}},"102":{"start":{"line":314,"column":6},"end":{"line":314,"column":13}},"103":{"start":{"line":317,"column":4},"end":{"line":320,"column":7}},"104":{"start":{"line":322,"column":4},"end":{"line":322,"column":16}},"105":{"start":{"line":331,"column":2},"end":{"line":366,"column":3}},"106":{"start":{"line":332,"column":19},"end":{"line":332,"column":49}},"107":{"start":{"line":333,"column":4},"end":{"line":333,"column":24}},"108":{"start":{"line":333,"column":17},"end":{"line":333,"column":24}},"109":{"start":{"line":335,"column":15},"end":{"line":335,"column":43}},"110":{"start":{"line":337,"column":4},"end":{"line":340,"column":5}},"111":{"start":{"line":338,"column":6},"end":{"line":338,"column":81}},"112":{"start":{"line":339,"column":6},"end":{"line":339,"column":13}},"113":{"start":{"line":342,"column":23},"end":{"line":342,"column":65}},"114":{"start":{"line":344,"column":4},"end":{"line":350,"column":5}},"115":{"start":{"line":345,"column":6},"end":{"line":348,"column":9}},"116":{"start":{"line":349,"column":6},"end":{"line":349,"column":13}},"117":{"start":{"line":352,"column":4},"end":{"line":352,"column":32}},"118":{"start":{"line":353,"column":4},"end":{"line":353,"column":38}},"119":{"start":{"line":354,"column":4},"end":{"line":354,"column":28}},"120":{"start":{"line":356,"column":25},"end":{"line":356,"column":50}},"121":{"start":{"line":357,"column":4},"end":{"line":357,"column":52}},"122":{"start":{"line":359,"column":4},"end":{"line":363,"column":7}},"123":{"start":{"line":365,"column":4},"end":{"line":365,"column":16}},"124":{"start":{"line":374,"column":2},"end":{"line":419,"column":3}},"125":{"start":{"line":375,"column":19},"end":{"line":375,"column":49}},"126":{"start":{"line":376,"column":4},"end":{"line":376,"column":24}},"127":{"start":{"line":376,"column":17},"end":{"line":376,"column":24}},"128":{"start":{"line":378,"column":30},"end":{"line":378,"column":56}},"129":{"start":{"line":379,"column":16},"end":{"line":379,"column":49}},"130":{"start":{"line":381,"column":4},"end":{"line":387,"column":5}},"131":{"start":{"line":382,"column":6},"end":{"line":385,"column":9}},"132":{"start":{"line":386,"column":6},"end":{"line":386,"column":13}},"133":{"start":{"line":389,"column":18},"end":{"line":389,"column":63}},"134":{"start":{"line":391,"column":4},"end":{"line":397,"column":5}},"135":{"start":{"line":392,"column":6},"end":{"line":395,"column":9}},"136":{"start":{"line":396,"column":6},"end":{"line":396,"column":13}},"137":{"start":{"line":399,"column":22},"end":{"line":399,"column":32}},"138":{"start":{"line":400,"column":19},"end":{"line":402,"column":null}},"139":{"start":{"line":405,"column":4},"end":{"line":409,"column":7}},"140":{"start":{"line":406,"column":6},"end":{"line":408,"column":9}},"141":{"start":{"line":411,"column":4},"end":{"line":416,"column":7}},"142":{"start":{"line":418,"column":4},"end":{"line":418,"column":16}},"143":{"start":{"line":427,"column":2},"end":{"line":468,"column":3}},"144":{"start":{"line":428,"column":19},"end":{"line":428,"column":49}},"145":{"start":{"line":429,"column":4},"end":{"line":429,"column":24}},"146":{"start":{"line":429,"column":17},"end":{"line":429,"column":24}},"147":{"start":{"line":431,"column":15},"end":{"line":431,"column":43}},"148":{"start":{"line":432,"column":4},"end":{"line":435,"column":5}},"149":{"start":{"line":433,"column":6},"end":{"line":433,"column":81}},"150":{"start":{"line":434,"column":6},"end":{"line":434,"column":13}},"151":{"start":{"line":437,"column":23},"end":{"line":437,"column":50}},"152":{"start":{"line":439,"column":4},"end":{"line":445,"column":5}},"153":{"start":{"line":440,"column":6},"end":{"line":443,"column":9}},"154":{"start":{"line":444,"column":6},"end":{"line":444,"column":13}},"155":{"start":{"line":447,"column":23},"end":{"line":447,"column":65}},"156":{"start":{"line":449,"column":4},"end":{"line":455,"column":5}},"157":{"start":{"line":450,"column":6},"end":{"line":453,"column":9}},"158":{"start":{"line":454,"column":6},"end":{"line":454,"column":13}},"159":{"start":{"line":457,"column":4},"end":{"line":457,"column":31}},"160":{"start":{"line":458,"column":4},"end":{"line":458,"column":28}},"161":{"start":{"line":460,"column":4},"end":{"line":460,"column":73}},"162":{"start":{"line":462,"column":4},"end":{"line":465,"column":7}},"163":{"start":{"line":467,"column":4},"end":{"line":467,"column":16}},"164":{"start":{"line":476,"column":2},"end":{"line":528,"column":3}},"165":{"start":{"line":477,"column":19},"end":{"line":477,"column":49}},"166":{"start":{"line":478,"column":4},"end":{"line":478,"column":24}},"167":{"start":{"line":478,"column":17},"end":{"line":478,"column":24}},"168":{"start":{"line":480,"column":38},"end":{"line":480,"column":64}},"169":{"start":{"line":481,"column":16},"end":{"line":481,"column":49}},"170":{"start":{"line":483,"column":4},"end":{"line":489,"column":5}},"171":{"start":{"line":484,"column":6},"end":{"line":487,"column":9}},"172":{"start":{"line":488,"column":6},"end":{"line":488,"column":13}},"173":{"start":{"line":491,"column":4},"end":{"line":497,"column":5}},"174":{"start":{"line":492,"column":6},"end":{"line":495,"column":9}},"175":{"start":{"line":496,"column":6},"end":{"line":496,"column":13}},"176":{"start":{"line":499,"column":18},"end":{"line":499,"column":63}},"177":{"start":{"line":501,"column":4},"end":{"line":507,"column":5}},"178":{"start":{"line":502,"column":6},"end":{"line":505,"column":9}},"179":{"start":{"line":506,"column":6},"end":{"line":506,"column":13}},"180":{"start":{"line":509,"column":19},"end":{"line":511,"column":null}},"181":{"start":{"line":514,"column":31},"end":{"line":514,"column":76}},"182":{"start":{"line":516,"column":4},"end":{"line":518,"column":7}},"183":{"start":{"line":517,"column":6},"end":{"line":517,"column":75}},"184":{"start":{"line":520,"column":4},"end":{"line":525,"column":7}},"185":{"start":{"line":527,"column":4},"end":{"line":527,"column":16}}},"fnMap":{"0":{"name":"parseQuestionConfig","decl":{"start":{"line":65,"column":9},"end":{"line":65,"column":28}},"loc":{"start":{"line":65,"column":59},"end":{"line":71,"column":1}}},"1":{"name":"parseAssignmentIds","decl":{"start":{"line":73,"column":9},"end":{"line":73,"column":27}},"loc":{"start":{"line":73,"column":42},"end":{"line":77,"column":1}}},"2":{"name":"(anonymous_2)","decl":{"start":{"line":76,"column":22},"end":{"line":76,"column":23}},"loc":{"start":{"line":76,"column":44},"end":{"line":76,"column":83}}},"3":{"name":"isManualStatus","decl":{"start":{"line":79,"column":9},"end":{"line":79,"column":23}},"loc":{"start":{"line":79,"column":38},"end":{"line":84,"column":1}}},"4":{"name":"getRouteParam","decl":{"start":{"line":86,"column":9},"end":{"line":86,"column":22}},"loc":{"start":{"line":86,"column":59},"end":{"line":90,"column":1}}},"5":{"name":"resolveRequestUserId","decl":{"start":{"line":92,"column":9},"end":{"line":92,"column":29}},"loc":{"start":{"line":92,"column":57},"end":{"line":102,"column":1}}},"6":{"name":"buildUpdatedSocketPayload","decl":{"start":{"line":104,"column":9},"end":{"line":104,"column":34}},"loc":{"start":{"line":109,"column":1},"end":{"line":124,"column":1}}},"7":{"name":"createAssignment","decl":{"start":{"line":126,"column":22},"end":{"line":126,"column":38}},"loc":{"start":{"line":129,"column":20},"end":{"line":255,"column":1}}},"8":{"name":"createAssignmentUploadMiddleware","decl":{"start":{"line":257,"column":16},"end":{"line":257,"column":48}},"loc":{"start":{"line":260,"column":20},"end":{"line":270,"column":1}}},"9":{"name":"(anonymous_9)","decl":{"start":{"line":262,"column":50},"end":{"line":262,"column":51}},"loc":{"start":{"line":262,"column":60},"end":{"line":269,"column":3}}},"10":{"name":"getAssignments","decl":{"start":{"line":272,"column":22},"end":{"line":272,"column":36}},"loc":{"start":{"line":275,"column":20},"end":{"line":290,"column":1}}},"11":{"name":"getAssignmentById","decl":{"start":{"line":292,"column":22},"end":{"line":292,"column":39}},"loc":{"start":{"line":295,"column":20},"end":{"line":324,"column":1}}},"12":{"name":"deleteAssignment","decl":{"start":{"line":326,"column":22},"end":{"line":326,"column":38}},"loc":{"start":{"line":329,"column":20},"end":{"line":367,"column":1}}},"13":{"name":"bulkDeleteAssignments","decl":{"start":{"line":369,"column":22},"end":{"line":369,"column":43}},"loc":{"start":{"line":372,"column":20},"end":{"line":420,"column":1}}},"14":{"name":"(anonymous_14)","decl":{"start":{"line":405,"column":18},"end":{"line":405,"column":19}},"loc":{"start":{"line":405,"column":33},"end":{"line":409,"column":5}}},"15":{"name":"patchAssignmentStatus","decl":{"start":{"line":422,"column":22},"end":{"line":422,"column":43}},"loc":{"start":{"line":425,"column":20},"end":{"line":469,"column":1}}},"16":{"name":"bulkUpdateAssignmentStatus","decl":{"start":{"line":471,"column":22},"end":{"line":471,"column":48}},"loc":{"start":{"line":474,"column":20},"end":{"line":529,"column":1}}},"17":{"name":"(anonymous_17)","decl":{"start":{"line":516,"column":31},"end":{"line":516,"column":32}},"loc":{"start":{"line":516,"column":46},"end":{"line":518,"column":5}}}},"branchMap":{"0":{"loc":{"start":{"line":66,"column":2},"end":{"line":68,"column":3}},"type":"if","locations":[{"start":{"line":66,"column":2},"end":{"line":68,"column":3}},{"start":{},"end":{}}]},"1":{"loc":{"start":{"line":74,"column":2},"end":{"line":74,"column":39}},"type":"if","locations":[{"start":{"line":74,"column":2},"end":{"line":74,"column":39}},{"start":{},"end":{}}]},"2":{"loc":{"start":{"line":76,"column":44},"end":{"line":76,"column":83}},"type":"binary-expr","locations":[{"start":{"line":76,"column":44},"end":{"line":76,"column":66}},{"start":{"line":76,"column":70},"end":{"line":76,"column":83}}]},"3":{"loc":{"start":{"line":81,"column":4},"end":{"line":82,"column":72}},"type":"binary-expr","locations":[{"start":{"line":81,"column":4},"end":{"line":81,"column":29}},{"start":{"line":82,"column":4},"end":{"line":82,"column":72}}]},"4":{"loc":{"start":{"line":87,"column":2},"end":{"line":87,"column":66}},"type":"if","locations":[{"start":{"line":87,"column":2},"end":{"line":87,"column":66}},{"start":{},"end":{}}]},"5":{"loc":{"start":{"line":87,"column":6},"end":{"line":87,"column":51}},"type":"binary-expr","locations":[{"start":{"line":87,"column":6},"end":{"line":87,"column":31}},{"start":{"line":87,"column":35},"end":{"line":87,"column":51}}]},"6":{"loc":{"start":{"line":88,"column":2},"end":{"line":88,"column":76}},"type":"if","locations":[{"start":{"line":88,"column":2},"end":{"line":88,"column":76}},{"start":{},"end":{}}]},"7":{"loc":{"start":{"line":88,"column":6},"end":{"line":88,"column":58}},"type":"binary-expr","locations":[{"start":{"line":88,"column":6},"end":{"line":88,"column":26}},{"start":{"line":88,"column":30},"end":{"line":88,"column":58}}]},"8":{"loc":{"start":{"line":93,"column":2},"end":{"line":99,"column":3}},"type":"if","locations":[{"start":{"line":93,"column":2},"end":{"line":99,"column":3}},{"start":{},"end":{}}]},"9":{"loc":{"start":{"line":115,"column":2},"end":{"line":117,"column":3}},"type":"if","locations":[{"start":{"line":115,"column":2},"end":{"line":117,"column":3}},{"start":{},"end":{}}]},"10":{"loc":{"start":{"line":119,"column":2},"end":{"line":121,"column":3}},"type":"if","locations":[{"start":{"line":119,"column":2},"end":{"line":121,"column":3}},{"start":{},"end":{}}]},"11":{"loc":{"start":{"line":137,"column":4},"end":{"line":137,"column":24}},"type":"if","locations":[{"start":{"line":137,"column":4},"end":{"line":137,"column":24}},{"start":{},"end":{}}]},"12":{"loc":{"start":{"line":141,"column":4},"end":{"line":161,"column":5}},"type":"if","locations":[{"start":{"line":141,"column":4},"end":{"line":161,"column":5}},{"start":{},"end":{}}]},"13":{"loc":{"start":{"line":143,"column":8},"end":{"line":144,"column":54}},"type":"binary-expr","locations":[{"start":{"line":143,"column":9},"end":{"line":143,"column":50}},{"start":{"line":144,"column":9},"end":{"line":144,"column":53}}]},"14":{"loc":{"start":{"line":148,"column":6},"end":{"line":160,"column":7}},"type":"if","locations":[{"start":{"line":148,"column":6},"end":{"line":160,"column":7}},{"start":{},"end":{}}]},"15":{"loc":{"start":{"line":176,"column":23},"end":{"line":176,"column":63}},"type":"binary-expr","locations":[{"start":{"line":176,"column":23},"end":{"line":176,"column":39}},{"start":{"line":176,"column":43},"end":{"line":176,"column":63}}]},"16":{"loc":{"start":{"line":181,"column":4},"end":{"line":187,"column":5}},"type":"if","locations":[{"start":{"line":181,"column":4},"end":{"line":187,"column":5}},{"start":{},"end":{}}]},"17":{"loc":{"start":{"line":199,"column":10},"end":{"line":199,"column":46}},"type":"cond-expr","locations":[{"start":{"line":199,"column":25},"end":{"line":199,"column":41}},{"start":{"line":199,"column":44},"end":{"line":199,"column":46}}]},"18":{"loc":{"start":{"line":200,"column":10},"end":{"line":200,"column":58}},"type":"cond-expr","locations":[{"start":{"line":200,"column":31},"end":{"line":200,"column":53}},{"start":{"line":200,"column":56},"end":{"line":200,"column":58}}]},"19":{"loc":{"start":{"line":201,"column":10},"end":{"line":201,"column":54}},"type":"cond-expr","locations":[{"start":{"line":201,"column":29},"end":{"line":201,"column":49}},{"start":{"line":201,"column":52},"end":{"line":201,"column":54}}]},"20":{"loc":{"start":{"line":202,"column":10},"end":{"line":202,"column":50}},"type":"cond-expr","locations":[{"start":{"line":202,"column":27},"end":{"line":202,"column":45}},{"start":{"line":202,"column":48},"end":{"line":202,"column":50}}]},"21":{"loc":{"start":{"line":220,"column":12},"end":{"line":220,"column":52}},"type":"cond-expr","locations":[{"start":{"line":220,"column":29},"end":{"line":220,"column":47}},{"start":{"line":220,"column":50},"end":{"line":220,"column":52}}]},"22":{"loc":{"start":{"line":222,"column":10},"end":{"line":222,"column":46}},"type":"cond-expr","locations":[{"start":{"line":222,"column":25},"end":{"line":222,"column":41}},{"start":{"line":222,"column":44},"end":{"line":222,"column":46}}]},"23":{"loc":{"start":{"line":223,"column":10},"end":{"line":223,"column":51}},"type":"cond-expr","locations":[{"start":{"line":223,"column":31},"end":{"line":223,"column":46}},{"start":{"line":223,"column":49},"end":{"line":223,"column":51}}]},"24":{"loc":{"start":{"line":241,"column":4},"end":{"line":247,"column":5}},"type":"if","locations":[{"start":{"line":241,"column":4},"end":{"line":247,"column":5}},{"start":{},"end":{}}]},"25":{"loc":{"start":{"line":251,"column":4},"end":{"line":253,"column":5}},"type":"if","locations":[{"start":{"line":251,"column":4},"end":{"line":253,"column":5}},{"start":{},"end":{}}]},"26":{"loc":{"start":{"line":263,"column":4},"end":{"line":266,"column":5}},"type":"if","locations":[{"start":{"line":263,"column":4},"end":{"line":266,"column":5}},{"start":{},"end":{}}]},"27":{"loc":{"start":{"line":279,"column":4},"end":{"line":279,"column":24}},"type":"if","locations":[{"start":{"line":279,"column":4},"end":{"line":279,"column":24}},{"start":{},"end":{}}]},"28":{"loc":{"start":{"line":299,"column":4},"end":{"line":299,"column":24}},"type":"if","locations":[{"start":{"line":299,"column":4},"end":{"line":299,"column":24}},{"start":{},"end":{}}]},"29":{"loc":{"start":{"line":302,"column":4},"end":{"line":305,"column":5}},"type":"if","locations":[{"start":{"line":302,"column":4},"end":{"line":305,"column":5}},{"start":{},"end":{}}]},"30":{"loc":{"start":{"line":309,"column":4},"end":{"line":315,"column":5}},"type":"if","locations":[{"start":{"line":309,"column":4},"end":{"line":315,"column":5}},{"start":{},"end":{}}]},"31":{"loc":{"start":{"line":333,"column":4},"end":{"line":333,"column":24}},"type":"if","locations":[{"start":{"line":333,"column":4},"end":{"line":333,"column":24}},{"start":{},"end":{}}]},"32":{"loc":{"start":{"line":337,"column":4},"end":{"line":340,"column":5}},"type":"if","locations":[{"start":{"line":337,"column":4},"end":{"line":340,"column":5}},{"start":{},"end":{}}]},"33":{"loc":{"start":{"line":344,"column":4},"end":{"line":350,"column":5}},"type":"if","locations":[{"start":{"line":344,"column":4},"end":{"line":350,"column":5}},{"start":{},"end":{}}]},"34":{"loc":{"start":{"line":376,"column":4},"end":{"line":376,"column":24}},"type":"if","locations":[{"start":{"line":376,"column":4},"end":{"line":376,"column":24}},{"start":{},"end":{}}]},"35":{"loc":{"start":{"line":381,"column":4},"end":{"line":387,"column":5}},"type":"if","locations":[{"start":{"line":381,"column":4},"end":{"line":387,"column":5}},{"start":{},"end":{}}]},"36":{"loc":{"start":{"line":391,"column":4},"end":{"line":397,"column":5}},"type":"if","locations":[{"start":{"line":391,"column":4},"end":{"line":397,"column":5}},{"start":{},"end":{}}]},"37":{"loc":{"start":{"line":429,"column":4},"end":{"line":429,"column":24}},"type":"if","locations":[{"start":{"line":429,"column":4},"end":{"line":429,"column":24}},{"start":{},"end":{}}]},"38":{"loc":{"start":{"line":432,"column":4},"end":{"line":435,"column":5}},"type":"if","locations":[{"start":{"line":432,"column":4},"end":{"line":435,"column":5}},{"start":{},"end":{}}]},"39":{"loc":{"start":{"line":439,"column":4},"end":{"line":445,"column":5}},"type":"if","locations":[{"start":{"line":439,"column":4},"end":{"line":445,"column":5}},{"start":{},"end":{}}]},"40":{"loc":{"start":{"line":449,"column":4},"end":{"line":455,"column":5}},"type":"if","locations":[{"start":{"line":449,"column":4},"end":{"line":455,"column":5}},{"start":{},"end":{}}]},"41":{"loc":{"start":{"line":478,"column":4},"end":{"line":478,"column":24}},"type":"if","locations":[{"start":{"line":478,"column":4},"end":{"line":478,"column":24}},{"start":{},"end":{}}]},"42":{"loc":{"start":{"line":483,"column":4},"end":{"line":489,"column":5}},"type":"if","locations":[{"start":{"line":483,"column":4},"end":{"line":489,"column":5}},{"start":{},"end":{}}]},"43":{"loc":{"start":{"line":491,"column":4},"end":{"line":497,"column":5}},"type":"if","locations":[{"start":{"line":491,"column":4},"end":{"line":497,"column":5}},{"start":{},"end":{}}]},"44":{"loc":{"start":{"line":501,"column":4},"end":{"line":507,"column":5}},"type":"if","locations":[{"start":{"line":501,"column":4},"end":{"line":507,"column":5}},{"start":{},"end":{}}]}},"s":{"0":1,"1":1,"2":1,"3":1,"4":1,"5":1,"6":1,"7":1,"8":1,"9":1,"10":1,"11":1,"12":1,"13":1,"14":1,"15":1,"16":1,"17":1,"18":1,"19":1,"20":1,"21":0,"22":0,"23":0,"24":1,"25":0,"26":1,"27":1,"28":0,"29":3,"30":3,"31":0,"32":0,"33":0,"34":4,"35":0,"36":0,"37":4,"38":0,"39":0,"40":0,"41":0,"42":0,"43":0,"44":0,"45":0,"46":0,"47":0,"48":0,"49":0,"50":0,"51":0,"52":0,"53":0,"54":0,"55":0,"56":0,"57":0,"58":0,"59":0,"60":0,"61":0,"62":0,"63":0,"64":0,"65":0,"66":0,"67":0,"68":0,"69":0,"70":0,"71":0,"72":0,"73":0,"74":0,"75":0,"76":0,"77":0,"78":0,"79":0,"80":0,"81":0,"82":0,"83":0,"84":0,"85":0,"86":0,"87":0,"88":0,"89":0,"90":0,"91":2,"92":2,"93":2,"94":0,"95":2,"96":2,"97":0,"98":0,"99":2,"100":2,"101":1,"102":1,"103":1,"104":0,"105":1,"106":1,"107":1,"108":0,"109":1,"110":1,"111":0,"112":0,"113":1,"114":1,"115":1,"116":1,"117":0,"118":0,"119":0,"120":0,"121":0,"122":0,"123":0,"124":1,"125":1,"126":1,"127":0,"128":1,"129":1,"130":1,"131":0,"132":0,"133":1,"134":1,"135":1,"136":1,"137":0,"138":0,"139":0,"140":0,"141":0,"142":0,"143":0,"144":0,"145":0,"146":0,"147":0,"148":0,"149":0,"150":0,"151":0,"152":0,"153":0,"154":0,"155":0,"156":0,"157":0,"158":0,"159":0,"160":0,"161":0,"162":0,"163":0,"164":0,"165":0,"166":0,"167":0,"168":0,"169":0,"170":0,"171":0,"172":0,"173":0,"174":0,"175":0,"176":0,"177":0,"178":0,"179":0,"180":0,"181":0,"182":0,"183":0,"184":0,"185":0},"f":{"0":0,"1":1,"2":1,"3":0,"4":3,"5":4,"6":0,"7":0,"8":0,"9":0,"10":0,"11":2,"12":1,"13":1,"14":0,"15":0,"16":0,"17":0},"b":{"0":[0,0],"1":[0,1],"2":[1,1],"3":[0,0],"4":[3,0],"5":[3,3],"6":[0,0],"7":[0,0],"8":[0,4],"9":[0,0],"10":[0,0],"11":[0,0],"12":[0,0],"13":[0,0],"14":[0,0],"15":[0,0],"16":[0,0],"17":[0,0],"18":[0,0],"19":[0,0],"20":[0,0],"21":[0,0],"22":[0,0],"23":[0,0],"24":[0,0],"25":[0,0],"26":[0,0],"27":[0,0],"28":[0,2],"29":[0,2],"30":[1,1],"31":[0,1],"32":[0,1],"33":[1,0],"34":[0,1],"35":[0,1],"36":[1,0],"37":[0,0],"38":[0,0],"39":[0,0],"40":[0,0],"41":[0,0],"42":[0,0],"43":[0,0],"44":[0,0]}}
,"/Users/goconqueror/Desktop/vedaAI_prototype/backend/src/modules/assignment/assignment.queries.ts": {"path":"/Users/goconqueror/Desktop/vedaAI_prototype/backend/src/modules/assignment/assignment.queries.ts","statementMap":{"0":{"start":{"line":9,"column":0},"end":{"line":9,"column":16}},"1":{"start":{"line":16,"column":0},"end":{"line":16,"column":16}},"2":{"start":{"line":23,"column":0},"end":{"line":23,"column":7}},"3":{"start":{"line":33,"column":0},"end":{"line":33,"column":7}},"4":{"start":{"line":39,"column":0},"end":{"line":39,"column":7}},"5":{"start":{"line":54,"column":0},"end":{"line":54,"column":7}},"6":{"start":{"line":65,"column":0},"end":{"line":65,"column":7}},"7":{"start":{"line":1,"column":0},"end":{"line":1,"column":48}},"8":{"start":{"line":5,"column":13},"end":{"line":7,"column":11}},"9":{"start":{"line":12,"column":2},"end":{"line":12,"column":39}},"10":{"start":{"line":17,"column":2},"end":{"line":20,"column":4}},"11":{"start":{"line":27,"column":2},"end":{"line":30,"column":5}},"12":{"start":{"line":36,"column":2},"end":{"line":36,"column":75}},"13":{"start":{"line":43,"column":2},"end":{"line":46,"column":5}},"14":{"start":{"line":55,"column":2},"end":{"line":58,"column":5}},"15":{"start":{"line":68,"column":2},"end":{"line":71,"column":5}}},"fnMap":{"0":{"name":"isDeletedAssignment","decl":{"start":{"line":9,"column":16},"end":{"line":9,"column":35}},"loc":{"start":{"line":10,"column":51},"end":{"line":13,"column":1}}},"1":{"name":"userScopedFilter","decl":{"start":{"line":16,"column":16},"end":{"line":16,"column":32}},"loc":{"start":{"line":16,"column":47},"end":{"line":21,"column":1}}},"2":{"name":"findActiveAssignmentById","decl":{"start":{"line":23,"column":22},"end":{"line":23,"column":46}},"loc":{"start":{"line":25,"column":16},"end":{"line":31,"column":1}}},"3":{"name":"findActiveAssignments","decl":{"start":{"line":33,"column":22},"end":{"line":33,"column":43}},"loc":{"start":{"line":34,"column":16},"end":{"line":37,"column":1}}},"4":{"name":"findActiveAssignmentsByIds","decl":{"start":{"line":39,"column":22},"end":{"line":39,"column":48}},"loc":{"start":{"line":41,"column":16},"end":{"line":47,"column":1}}},"5":{"name":"countInFlightAssignments","decl":{"start":{"line":54,"column":22},"end":{"line":54,"column":46}},"loc":{"start":{"line":54,"column":61},"end":{"line":59,"column":1}}},"6":{"name":"findActiveAssignmentByIdInternal","decl":{"start":{"line":65,"column":22},"end":{"line":65,"column":54}},"loc":{"start":{"line":66,"column":12},"end":{"line":72,"column":1}}}},"branchMap":{},"s":{"0":1,"1":1,"2":1,"3":1,"4":1,"5":1,"6":1,"7":1,"8":1,"9":0,"10":0,"11":0,"12":0,"13":0,"14":0,"15":0},"f":{"0":0,"1":0,"2":0,"3":0,"4":0,"5":0,"6":0},"b":{}}
,"/Users/goconqueror/Desktop/vedaAI_prototype/backend/src/modules/assignment/assignment.serializer.ts": {"path":"/Users/goconqueror/Desktop/vedaAI_prototype/backend/src/modules/assignment/assignment.serializer.ts","statementMap":{"0":{"start":{"line":48,"column":0},"end":{"line":48,"column":16}},"1":{"start":{"line":53,"column":0},"end":{"line":53,"column":16}},"2":{"start":{"line":59,"column":0},"end":{"line":59,"column":16}},"3":{"start":{"line":2,"column":0},"end":{"line":2,"column":59}},"4":{"start":{"line":3,"column":0},"end":{"line":3,"column":64}},"5":{"start":{"line":4,"column":0},"end":{"line":4,"column":45}},"6":{"start":{"line":7,"column":2},"end":{"line":14,"column":3}},"7":{"start":{"line":8,"column":4},"end":{"line":10,"column":7}},"8":{"start":{"line":11,"column":4},"end":{"line":13,"column":6}},"9":{"start":{"line":16,"column":14},"end":{"line":16,"column":56}},"10":{"start":{"line":17,"column":17},"end":{"line":17,"column":54}},"11":{"start":{"line":24,"column":6},"end":{"line":24,"column":9}},"12":{"start":{"line":27,"column":4},"end":{"line":35,"column":18}},"13":{"start":{"line":37,"column":145},"end":{"line":37,"column":149}},"14":{"start":{"line":39,"column":2},"end":{"line":44,"column":4}},"15":{"start":{"line":49,"column":2},"end":{"line":49,"column":45}},"16":{"start":{"line":54,"column":21},"end":{"line":54,"column":56}},"17":{"start":{"line":55,"column":57},"end":{"line":55,"column":67}},"18":{"start":{"line":56,"column":2},"end":{"line":56,"column":26}},"19":{"start":{"line":60,"column":28},"end":{"line":61,"column":null}},"20":{"start":{"line":61,"column":20},"end":{"line":61,"column":52}},"21":{"start":{"line":63,"column":24},"end":{"line":63,"column":69}},"22":{"start":{"line":65,"column":2},"end":{"line":69,"column":3}},"23":{"start":{"line":66,"column":4},"end":{"line":68,"column":7}},"24":{"start":{"line":71,"column":2},"end":{"line":73,"column":4}},"25":{"start":{"line":72,"column":4},"end":{"line":72,"column":42}}},"fnMap":{"0":{"name":"serializeAssignmentCore","decl":{"start":{"line":6,"column":9},"end":{"line":6,"column":32}},"loc":{"start":{"line":6,"column":63},"end":{"line":45,"column":1}}},"1":{"name":"serializeAssignment","decl":{"start":{"line":48,"column":16},"end":{"line":48,"column":35}},"loc":{"start":{"line":48,"column":66},"end":{"line":50,"column":1}}},"2":{"name":"serializeAssignmentForList","decl":{"start":{"line":53,"column":16},"end":{"line":53,"column":42}},"loc":{"start":{"line":53,"column":73},"end":{"line":57,"column":1}}},"3":{"name":"serializeAssignments","decl":{"start":{"line":59,"column":16},"end":{"line":59,"column":36}},"loc":{"start":{"line":59,"column":70},"end":{"line":74,"column":1}}},"4":{"name":"(anonymous_4)","decl":{"start":{"line":61,"column":4},"end":{"line":61,"column":5}},"loc":{"start":{"line":61,"column":20},"end":{"line":61,"column":52}}},"5":{"name":"(anonymous_5)","decl":{"start":{"line":71,"column":31},"end":{"line":71,"column":32}},"loc":{"start":{"line":72,"column":4},"end":{"line":72,"column":42}}}},"branchMap":{"0":{"loc":{"start":{"line":7,"column":2},"end":{"line":14,"column":3}},"type":"if","locations":[{"start":{"line":7,"column":2},"end":{"line":14,"column":3}},{"start":{},"end":{}}]},"1":{"loc":{"start":{"line":27,"column":4},"end":{"line":35,"column":18}},"type":"binary-expr","locations":[{"start":{"line":27,"column":4},"end":{"line":27,"column":22}},{"start":{"line":28,"column":5},"end":{"line":35,"column":17}}]},"2":{"loc":{"start":{"line":28,"column":5},"end":{"line":35,"column":17}},"type":"cond-expr","locations":[{"start":{"line":29,"column":8},"end":{"line":34,"column":null}},{"start":{"line":35,"column":8},"end":{"line":35,"column":17}}]},"3":{"loc":{"start":{"line":28,"column":5},"end":{"line":28,"column":51}},"type":"binary-expr","locations":[{"start":{"line":28,"column":5},"end":{"line":28,"column":25}},{"start":{"line":28,"column":29},"end":{"line":28,"column":51}}]},"4":{"loc":{"start":{"line":33,"column":21},"end":{"line":33,"column":50}},"type":"binary-expr","locations":[{"start":{"line":33,"column":21},"end":{"line":33,"column":45}},{"start":{"line":33,"column":49},"end":{"line":33,"column":50}}]},"5":{"loc":{"start":{"line":43,"column":8},"end":{"line":43,"column":48}},"type":"cond-expr","locations":[{"start":{"line":43,"column":25},"end":{"line":43,"column":43}},{"start":{"line":43,"column":46},"end":{"line":43,"column":48}}]},"6":{"loc":{"start":{"line":65,"column":2},"end":{"line":69,"column":3}},"type":"if","locations":[{"start":{"line":65,"column":2},"end":{"line":69,"column":3}},{"start":{},"end":{}}]}},"s":{"0":1,"1":1,"2":1,"3":1,"4":1,"5":1,"6":1,"7":0,"8":0,"9":1,"10":1,"11":1,"12":1,"13":1,"14":1,"15":1,"16":0,"17":0,"18":0,"19":0,"20":0,"21":0,"22":0,"23":0,"24":0,"25":0},"f":{"0":1,"1":1,"2":0,"3":0,"4":0,"5":0},"b":{"0":[0,1],"1":[1,1],"2":[0,1],"3":[1,0],"4":[0,0],"5":[0,1],"6":[0,0]}}
,"/Users/goconqueror/Desktop/vedaAI_prototype/backend/src/modules/assignment/assignment.status.ts": {"path":"/Users/goconqueror/Desktop/vedaAI_prototype/backend/src/modules/assignment/assignment.status.ts","statementMap":{"0":{"start":{"line":4,"column":0},"end":{"line":4,"column":16}},"1":{"start":{"line":1,"column":0},"end":{"line":1,"column":80}},"2":{"start":{"line":5,"column":2},"end":{"line":7,"column":3}},"3":{"start":{"line":6,"column":4},"end":{"line":6,"column":38}},"4":{"start":{"line":9,"column":2},"end":{"line":9,"column":19}}},"fnMap":{"0":{"name":"normalizeAssignmentStatus","decl":{"start":{"line":4,"column":16},"end":{"line":4,"column":41}},"loc":{"start":{"line":4,"column":56},"end":{"line":10,"column":1}}}},"branchMap":{"0":{"loc":{"start":{"line":5,"column":2},"end":{"line":7,"column":3}},"type":"if","locations":[{"start":{"line":5,"column":2},"end":{"line":7,"column":3}},{"start":{},"end":{}}]}},"s":{"0":1,"1":1,"2":1,"3":1,"4":0},"f":{"0":1},"b":{"0":[1,0]}}
,"/Users/goconqueror/Desktop/vedaAI_prototype/backend/src/modules/assignment/assignment.types.ts": {"path":"/Users/goconqueror/Desktop/vedaAI_prototype/backend/src/modules/assignment/assignment.types.ts","statementMap":{"0":{"start":{"line":1,"column":13},"end":{"line":6,"column":11}},"1":{"start":{"line":10,"column":13},"end":{"line":10,"column":64}}},"fnMap":{},"branchMap":{},"s":{"0":1,"1":1},"f":{},"b":{}}
,"/Users/goconqueror/Desktop/vedaAI_prototype/backend/src/modules/billing/plan.config.ts": {"path":"/Users/goconqueror/Desktop/vedaAI_prototype/backend/src/modules/billing/plan.config.ts","statementMap":{"0":{"start":{"line":70,"column":0},"end":{"line":70,"column":16}},"1":{"start":{"line":74,"column":0},"end":{"line":74,"column":16}},"2":{"start":{"line":78,"column":0},"end":{"line":78,"column":16}},"3":{"start":{"line":83,"column":0},"end":{"line":83,"column":16}},"4":{"start":{"line":87,"column":0},"end":{"line":87,"column":16}},"5":{"start":{"line":1,"column":0},"end":{"line":1,"column":63}},"6":{"start":{"line":3,"column":13},"end":{"line":10,"column":11}},"7":{"start":{"line":25,"column":13},"end":{"line":68,"column":2}},"8":{"start":{"line":71,"column":2},"end":{"line":71,"column":27}},"9":{"start":{"line":75,"column":2},"end":{"line":75,"column":43}},"10":{"start":{"line":79,"column":16},"end":{"line":79,"column":40}},"11":{"start":{"line":80,"column":2},"end":{"line":80,"column":47}},"12":{"start":{"line":84,"column":2},"end":{"line":84,"column":49}},"13":{"start":{"line":84,"column":32},"end":{"line":84,"column":47}},"14":{"start":{"line":88,"column":2},"end":{"line":88,"column":45}}},"fnMap":{"0":{"name":"getPlanConfig","decl":{"start":{"line":70,"column":16},"end":{"line":70,"column":29}},"loc":{"start":{"line":70,"column":44},"end":{"line":72,"column":1}}},"1":{"name":"getAssignmentLimit","decl":{"start":{"line":74,"column":16},"end":{"line":74,"column":34}},"loc":{"start":{"line":74,"column":49},"end":{"line":76,"column":1}}},"2":{"name":"serializeAssignmentLimit","decl":{"start":{"line":78,"column":16},"end":{"line":78,"column":40}},"loc":{"start":{"line":78,"column":55},"end":{"line":81,"column":1}}},"3":{"name":"listPlanCatalog","decl":{"start":{"line":83,"column":16},"end":{"line":83,"column":31}},"loc":{"start":{"line":83,"column":31},"end":{"line":85,"column":1}}},"4":{"name":"(anonymous_4)","decl":{"start":{"line":84,"column":24},"end":{"line":84,"column":25}},"loc":{"start":{"line":84,"column":32},"end":{"line":84,"column":47}}},"5":{"name":"hasPlanFeature","decl":{"start":{"line":87,"column":16},"end":{"line":87,"column":30}},"loc":{"start":{"line":87,"column":70},"end":{"line":89,"column":1}}}},"branchMap":{"0":{"loc":{"start":{"line":80,"column":9},"end":{"line":80,"column":46}},"type":"cond-expr","locations":[{"start":{"line":80,"column":34},"end":{"line":80,"column":39}},{"start":{"line":80,"column":42},"end":{"line":80,"column":46}}]}},"s":{"0":2,"1":2,"2":2,"3":2,"4":2,"5":2,"6":2,"7":2,"8":0,"9":10,"10":3,"11":3,"12":0,"13":0,"14":6},"f":{"0":0,"1":10,"2":3,"3":0,"4":0,"5":6},"b":{"0":[1,2]}}
,"/Users/goconqueror/Desktop/vedaAI_prototype/backend/src/modules/user/plan-eligibility.service.ts": {"path":"/Users/goconqueror/Desktop/vedaAI_prototype/backend/src/modules/user/plan-eligibility.service.ts","statementMap":{"0":{"start":{"line":27,"column":0},"end":{"line":27,"column":7}},"1":{"start":{"line":67,"column":0},"end":{"line":67,"column":7}},"2":{"start":{"line":75,"column":0},"end":{"line":75,"column":16}},"3":{"start":{"line":80,"column":0},"end":{"line":80,"column":16}},"4":{"start":{"line":1,"column":0},"end":{"line":1,"column":null}},"5":{"start":{"line":6,"column":0},"end":{"line":6,"column":76}},"6":{"start":{"line":30,"column":16},"end":{"line":30,"column":45}},"7":{"start":{"line":31,"column":25},"end":{"line":31,"column":56}},"8":{"start":{"line":33,"column":2},"end":{"line":41,"column":3}},"9":{"start":{"line":34,"column":4},"end":{"line":40,"column":6}},"10":{"start":{"line":44,"column":2},"end":{"line":52,"column":3}},"11":{"start":{"line":45,"column":4},"end":{"line":51,"column":6}},"12":{"start":{"line":54,"column":24},"end":{"line":54,"column":72}},"13":{"start":{"line":55,"column":25},"end":{"line":55,"column":55}},"14":{"start":{"line":57,"column":2},"end":{"line":63,"column":4}},"15":{"start":{"line":70,"column":22},"end":{"line":70,"column":60}},"16":{"start":{"line":71,"column":2},"end":{"line":71,"column":29}},"17":{"start":{"line":76,"column":2},"end":{"line":76,"column":42}},"18":{"start":{"line":84,"column":2},"end":{"line":84,"column":44}}},"fnMap":{"0":{"name":"checkGenerationEligibility","decl":{"start":{"line":27,"column":22},"end":{"line":27,"column":48}},"loc":{"start":{"line":28,"column":20},"end":{"line":64,"column":1}}},"1":{"name":"canGenerateAssignments","decl":{"start":{"line":67,"column":22},"end":{"line":67,"column":44}},"loc":{"start":{"line":68,"column":20},"end":{"line":72,"column":1}}},"2":{"name":"canExportPdf","decl":{"start":{"line":75,"column":16},"end":{"line":75,"column":28}},"loc":{"start":{"line":75,"column":47},"end":{"line":77,"column":1}}},"3":{"name":"canUseFeature","decl":{"start":{"line":80,"column":16},"end":{"line":80,"column":29}},"loc":{"start":{"line":82,"column":25},"end":{"line":85,"column":1}}}},"branchMap":{"0":{"loc":{"start":{"line":33,"column":2},"end":{"line":41,"column":3}},"type":"if","locations":[{"start":{"line":33,"column":2},"end":{"line":41,"column":3}},{"start":{},"end":{}}]},"1":{"loc":{"start":{"line":44,"column":2},"end":{"line":52,"column":3}},"type":"if","locations":[{"start":{"line":44,"column":2},"end":{"line":52,"column":3}},{"start":{},"end":{}}]}},"s":{"0":2,"1":2,"2":2,"3":2,"4":2,"5":2,"6":6,"7":6,"8":6,"9":0,"10":6,"11":2,"12":4,"13":4,"14":4,"15":0,"16":0,"17":0,"18":0},"f":{"0":6,"1":0,"2":0,"3":0},"b":{"0":[0,6],"1":[2,4]}}
,"/Users/goconqueror/Desktop/vedaAI_prototype/backend/src/modules/user/user.model.ts": {"path":"/Users/goconqueror/Desktop/vedaAI_prototype/backend/src/modules/user/user.model.ts","statementMap":{"0":{"start":{"line":1,"column":0},"end":{"line":1,"column":79}},"1":{"start":{"line":2,"column":0},"end":{"line":2,"column":null}},"2":{"start":{"line":9,"column":24},"end":{"line":13,"column":null}},"3":{"start":{"line":16,"column":31},"end":{"line":33,"column":null}},"4":{"start":{"line":36,"column":19},"end":{"line":62,"column":null}},"5":{"start":{"line":51,"column":22},"end":{"line":54,"column":8}},"6":{"start":{"line":59,"column":22},"end":{"line":59,"column":49}},"7":{"start":{"line":65,"column":0},"end":{"line":65,"column":55}},"8":{"start":{"line":66,"column":0},"end":{"line":66,"column":63}},"9":{"start":{"line":71,"column":13},"end":{"line":71,"column":67}}},"fnMap":{"0":{"name":"(anonymous_9)","decl":{"start":{"line":51,"column":15},"end":{"line":51,"column":18}},"loc":{"start":{"line":51,"column":22},"end":{"line":54,"column":8}}},"1":{"name":"(anonymous_10)","decl":{"start":{"line":59,"column":15},"end":{"line":59,"column":18}},"loc":{"start":{"line":59,"column":22},"end":{"line":59,"column":49}}}},"branchMap":{},"s":{"0":1,"1":1,"2":1,"3":1,"4":1,"5":0,"6":0,"7":1,"8":1,"9":1},"f":{"0":0,"1":0},"b":{}}
,"/Users/goconqueror/Desktop/vedaAI_prototype/backend/src/modules/user/user.service.ts": {"path":"/Users/goconqueror/Desktop/vedaAI_prototype/backend/src/modules/user/user.service.ts","statementMap":{"0":{"start":{"line":14,"column":0},"end":{"line":14,"column":7}},"1":{"start":{"line":56,"column":0},"end":{"line":56,"column":7}},"2":{"start":{"line":63,"column":0},"end":{"line":63,"column":7}},"3":{"start":{"line":1,"column":0},"end":{"line":1,"column":55}},"4":{"start":{"line":18,"column":4},"end":{"line":19,"column":44}},"5":{"start":{"line":21,"column":48},"end":{"line":21,"column":57}},"6":{"start":{"line":23,"column":2},"end":{"line":25,"column":3}},"7":{"start":{"line":24,"column":4},"end":{"line":24,"column":51}},"8":{"start":{"line":27,"column":2},"end":{"line":29,"column":3}},"9":{"start":{"line":28,"column":4},"end":{"line":28,"column":51}},"10":{"start":{"line":31,"column":15},"end":{"line":46,"column":null}},"11":{"start":{"line":49,"column":2},"end":{"line":51,"column":3}},"12":{"start":{"line":50,"column":4},"end":{"line":50,"column":67}},"13":{"start":{"line":53,"column":2},"end":{"line":53,"column":14}},"14":{"start":{"line":59,"column":2},"end":{"line":59,"column":44}},"15":{"start":{"line":64,"column":17},"end":{"line":66,"column":null}},"16":{"start":{"line":69,"column":2},"end":{"line":71,"column":3}},"17":{"start":{"line":70,"column":4},"end":{"line":70,"column":78}}},"fnMap":{"0":{"name":"upsertUserFromFirebaseClaims","decl":{"start":{"line":14,"column":22},"end":{"line":14,"column":50}},"loc":{"start":{"line":15,"column":28},"end":{"line":54,"column":1}}},"1":{"name":"findUserByFirebaseUid","decl":{"start":{"line":56,"column":22},"end":{"line":56,"column":43}},"loc":{"start":{"line":57,"column":13},"end":{"line":60,"column":1}}},"2":{"name":"incrementAssignmentUsage","decl":{"start":{"line":63,"column":22},"end":{"line":63,"column":46}},"loc":{"start":{"line":63,"column":58},"end":{"line":72,"column":1}}}},"branchMap":{"0":{"loc":{"start":{"line":18,"column":4},"end":{"line":19,"column":44}},"type":"binary-expr","locations":[{"start":{"line":18,"column":4},"end":{"line":18,"column":38}},{"start":{"line":19,"column":4},"end":{"line":19,"column":44}}]},"1":{"loc":{"start":{"line":23,"column":2},"end":{"line":25,"column":3}},"type":"if","locations":[{"start":{"line":23,"column":2},"end":{"line":25,"column":3}},{"start":{},"end":{}}]},"2":{"loc":{"start":{"line":27,"column":2},"end":{"line":29,"column":3}},"type":"if","locations":[{"start":{"line":27,"column":2},"end":{"line":29,"column":3}},{"start":{},"end":{}}]},"3":{"loc":{"start":{"line":49,"column":2},"end":{"line":51,"column":3}},"type":"if","locations":[{"start":{"line":49,"column":2},"end":{"line":51,"column":3}},{"start":{},"end":{}}]},"4":{"loc":{"start":{"line":69,"column":2},"end":{"line":71,"column":3}},"type":"if","locations":[{"start":{"line":69,"column":2},"end":{"line":71,"column":3}},{"start":{},"end":{}}]}},"s":{"0":2,"1":2,"2":2,"3":2,"4":0,"5":0,"6":0,"7":0,"8":0,"9":0,"10":0,"11":0,"12":0,"13":0,"14":0,"15":5,"16":5,"17":1},"f":{"0":0,"1":0,"2":5},"b":{"0":[0,0],"1":[0,0],"2":[0,0],"3":[0,0],"4":[1,4]}}
,"/Users/goconqueror/Desktop/vedaAI_prototype/backend/src/modules/user/user.types.ts": {"path":"/Users/goconqueror/Desktop/vedaAI_prototype/backend/src/modules/user/user.types.ts","statementMap":{"0":{"start":{"line":1,"column":13},"end":{"line":1,"column":65}},"1":{"start":{"line":5,"column":13},"end":{"line":10,"column":11}},"2":{"start":{"line":14,"column":13},"end":{"line":14,"column":80}}},"fnMap":{},"branchMap":{},"s":{"0":2,"1":2,"2":2},"f":{},"b":{}}
,"/Users/goconqueror/Desktop/vedaAI_prototype/backend/src/queues/assignment.queue.ts": {"path":"/Users/goconqueror/Desktop/vedaAI_prototype/backend/src/queues/assignment.queue.ts","statementMap":{"0":{"start":{"line":26,"column":0},"end":{"line":26,"column":16}},"1":{"start":{"line":30,"column":0},"end":{"line":30,"column":16}},"2":{"start":{"line":63,"column":0},"end":{"line":63,"column":7}},"3":{"start":{"line":87,"column":0},"end":{"line":87,"column":7}},"4":{"start":{"line":1,"column":0},"end":{"line":1,"column":31}},"5":{"start":{"line":3,"column":0},"end":{"line":3,"column":52}},"6":{"start":{"line":4,"column":0},"end":{"line":4,"column":72}},"7":{"start":{"line":5,"column":0},"end":{"line":5,"column":58}},"8":{"start":{"line":6,"column":0},"end":{"line":6,"column":42}},"9":{"start":{"line":8,"column":13},"end":{"line":8,"column":61}},"10":{"start":{"line":27,"column":2},"end":{"line":27,"column":62}},"11":{"start":{"line":31,"column":2},"end":{"line":47,"column":4}},"12":{"start":{"line":49,"column":2},"end":{"line":58,"column":5}},"13":{"start":{"line":50,"column":4},"end":{"line":55,"column":5}},"14":{"start":{"line":51,"column":6},"end":{"line":53,"column":9}},"15":{"start":{"line":54,"column":6},"end":{"line":54,"column":13}},"16":{"start":{"line":57,"column":4},"end":{"line":57,"column":64}},"17":{"start":{"line":60,"column":2},"end":{"line":60,"column":50}},"18":{"start":{"line":66,"column":2},"end":{"line":70,"column":3}},"19":{"start":{"line":67,"column":4},"end":{"line":69,"column":6}},"20":{"start":{"line":72,"column":2},"end":{"line":72,"column":31}},"21":{"start":{"line":74,"column":14},"end":{"line":76,"column":4}},"22":{"start":{"line":78,"column":2},"end":{"line":82,"column":5}},"23":{"start":{"line":84,"column":2},"end":{"line":84,"column":24}},"24":{"start":{"line":88,"column":2},"end":{"line":88,"column":31}},"25":{"start":{"line":88,"column":24},"end":{"line":88,"column":31}},"26":{"start":{"line":90,"column":2},"end":{"line":90,"column":32}},"27":{"start":{"line":91,"column":2},"end":{"line":91,"column":45}}},"fnMap":{"0":{"name":"isAssignmentQueueReady","decl":{"start":{"line":26,"column":16},"end":{"line":26,"column":38}},"loc":{"start":{"line":26,"column":38},"end":{"line":28,"column":1}}},"1":{"name":"initAssignmentQueue","decl":{"start":{"line":30,"column":16},"end":{"line":30,"column":35}},"loc":{"start":{"line":30,"column":35},"end":{"line":61,"column":1}}},"2":{"name":"(anonymous_2)","decl":{"start":{"line":49,"column":30},"end":{"line":49,"column":31}},"loc":{"start":{"line":49,"column":47},"end":{"line":58,"column":3}}},"3":{"name":"enqueueAssignmentGeneration","decl":{"start":{"line":63,"column":22},"end":{"line":63,"column":49}},"loc":{"start":{"line":64,"column":35},"end":{"line":85,"column":1}}},"4":{"name":"closeAssignmentQueue","decl":{"start":{"line":87,"column":22},"end":{"line":87,"column":42}},"loc":{"start":{"line":87,"column":42},"end":{"line":92,"column":1}}}},"branchMap":{"0":{"loc":{"start":{"line":27,"column":17},"end":{"line":27,"column":60}},"type":"binary-expr","locations":[{"start":{"line":27,"column":17},"end":{"line":27,"column":32}},{"start":{"line":27,"column":36},"end":{"line":27,"column":60}}]},"1":{"loc":{"start":{"line":50,"column":4},"end":{"line":55,"column":5}},"type":"if","locations":[{"start":{"line":50,"column":4},"end":{"line":55,"column":5}},{"start":{},"end":{}}]},"2":{"loc":{"start":{"line":66,"column":2},"end":{"line":70,"column":3}},"type":"if","locations":[{"start":{"line":66,"column":2},"end":{"line":70,"column":3}},{"start":{},"end":{}}]},"3":{"loc":{"start":{"line":80,"column":8},"end":{"line":80,"column":51}},"type":"cond-expr","locations":[{"start":{"line":80,"column":24},"end":{"line":80,"column":46}},{"start":{"line":80,"column":49},"end":{"line":80,"column":51}}]},"4":{"loc":{"start":{"line":88,"column":2},"end":{"line":88,"column":31}},"type":"if","locations":[{"start":{"line":88,"column":2},"end":{"line":88,"column":31}},{"start":{},"end":{}}]}},"s":{"0":1,"1":1,"2":1,"3":1,"4":1,"5":1,"6":1,"7":1,"8":1,"9":1,"10":0,"11":0,"12":0,"13":0,"14":0,"15":0,"16":0,"17":0,"18":0,"19":0,"20":0,"21":0,"22":0,"23":0,"24":0,"25":0,"26":0,"27":0},"f":{"0":0,"1":0,"2":0,"3":0,"4":0},"b":{"0":[0,0],"1":[0,0],"2":[0,0],"3":[0,0],"4":[0,0]}}
,"/Users/goconqueror/Desktop/vedaAI_prototype/backend/src/queues/redis-quota.ts": {"path":"/Users/goconqueror/Desktop/vedaAI_prototype/backend/src/queues/redis-quota.ts","statementMap":{"0":{"start":{"line":8,"column":0},"end":{"line":8,"column":16}},"1":{"start":{"line":13,"column":0},"end":{"line":13,"column":16}},"2":{"start":{"line":17,"column":0},"end":{"line":17,"column":16}},"3":{"start":{"line":36,"column":0},"end":{"line":36,"column":16}},"4":{"start":{"line":51,"column":0},"end":{"line":51,"column":16}},"5":{"start":{"line":1,"column":0},"end":{"line":1,"column":43}},"6":{"start":{"line":3,"column":28},"end":{"line":3,"column":58}},"7":{"start":{"line":5,"column":20},"end":{"line":5,"column":25}},"8":{"start":{"line":6,"column":18},"end":{"line":6,"column":23}},"9":{"start":{"line":9,"column":18},"end":{"line":9,"column":72}},"10":{"start":{"line":10,"column":2},"end":{"line":10,"column":43}},"11":{"start":{"line":14,"column":2},"end":{"line":14,"column":23}},"12":{"start":{"line":18,"column":2},"end":{"line":18,"column":28}},"13":{"start":{"line":18,"column":21},"end":{"line":18,"column":28}},"14":{"start":{"line":20,"column":2},"end":{"line":20,"column":23}},"15":{"start":{"line":22,"column":2},"end":{"line":29,"column":3}},"16":{"start":{"line":23,"column":4},"end":{"line":23,"column":23}},"17":{"start":{"line":25,"column":6},"end":{"line":25,"column":79}},"18":{"start":{"line":26,"column":4},"end":{"line":28,"column":7}},"19":{"start":{"line":37,"column":2},"end":{"line":48,"column":4}},"20":{"start":{"line":38,"column":4},"end":{"line":40,"column":5}},"21":{"start":{"line":39,"column":6},"end":{"line":39,"column":18}},"22":{"start":{"line":42,"column":4},"end":{"line":44,"column":5}},"23":{"start":{"line":43,"column":6},"end":{"line":43,"column":18}},"24":{"start":{"line":46,"column":18},"end":{"line":46,"column":49}},"25":{"start":{"line":47,"column":4},"end":{"line":47,"column":17}},"26":{"start":{"line":52,"column":2},"end":{"line":55,"column":3}},"27":{"start":{"line":53,"column":4},"end":{"line":53,"column":34}},"28":{"start":{"line":54,"column":4},"end":{"line":54,"column":17}},"29":{"start":{"line":57,"column":2},"end":{"line":57,"column":15}}},"fnMap":{"0":{"name":"isRedisQuotaError","decl":{"start":{"line":8,"column":16},"end":{"line":8,"column":33}},"loc":{"start":{"line":8,"column":48},"end":{"line":11,"column":1}}},"1":{"name":"isRedisQuotaExceeded","decl":{"start":{"line":13,"column":16},"end":{"line":13,"column":36}},"loc":{"start":{"line":13,"column":36},"end":{"line":15,"column":1}}},"2":{"name":"markRedisQuotaExceeded","decl":{"start":{"line":17,"column":16},"end":{"line":17,"column":38}},"loc":{"start":{"line":17,"column":54},"end":{"line":30,"column":1}}},"3":{"name":"createRedisRetryStrategy","decl":{"start":{"line":36,"column":16},"end":{"line":36,"column":40}},"loc":{"start":{"line":36,"column":55},"end":{"line":49,"column":1}}},"4":{"name":"(anonymous_4)","decl":{"start":{"line":37,"column":9},"end":{"line":37,"column":10}},"loc":{"start":{"line":37,"column":42},"end":{"line":48,"column":3}}},"5":{"name":"shouldReconnectOnError","decl":{"start":{"line":51,"column":16},"end":{"line":51,"column":38}},"loc":{"start":{"line":51,"column":51},"end":{"line":58,"column":1}}}},"branchMap":{"0":{"loc":{"start":{"line":9,"column":18},"end":{"line":9,"column":72}},"type":"cond-expr","locations":[{"start":{"line":9,"column":43},"end":{"line":9,"column":56}},{"start":{"line":9,"column":59},"end":{"line":9,"column":72}}]},"1":{"loc":{"start":{"line":18,"column":2},"end":{"line":18,"column":28}},"type":"if","locations":[{"start":{"line":18,"column":2},"end":{"line":18,"column":28}},{"start":{},"end":{}}]},"2":{"loc":{"start":{"line":22,"column":2},"end":{"line":29,"column":3}},"type":"if","locations":[{"start":{"line":22,"column":2},"end":{"line":29,"column":3}},{"start":{},"end":{}}]},"3":{"loc":{"start":{"line":25,"column":6},"end":{"line":25,"column":79}},"type":"cond-expr","locations":[{"start":{"line":25,"column":31},"end":{"line":25,"column":44}},{"start":{"line":25,"column":47},"end":{"line":25,"column":79}}]},"4":{"loc":{"start":{"line":38,"column":4},"end":{"line":40,"column":5}},"type":"if","locations":[{"start":{"line":38,"column":4},"end":{"line":40,"column":5}},{"start":{},"end":{}}]},"5":{"loc":{"start":{"line":42,"column":4},"end":{"line":44,"column":5}},"type":"if","locations":[{"start":{"line":42,"column":4},"end":{"line":44,"column":5}},{"start":{},"end":{}}]},"6":{"loc":{"start":{"line":52,"column":2},"end":{"line":55,"column":3}},"type":"if","locations":[{"start":{"line":52,"column":2},"end":{"line":55,"column":3}},{"start":{},"end":{}}]}},"s":{"0":1,"1":1,"2":1,"3":1,"4":1,"5":1,"6":1,"7":1,"8":1,"9":0,"10":0,"11":0,"12":0,"13":0,"14":0,"15":0,"16":0,"17":0,"18":0,"19":0,"20":0,"21":0,"22":0,"23":0,"24":0,"25":0,"26":0,"27":0,"28":0,"29":0},"f":{"0":0,"1":0,"2":0,"3":0,"4":0,"5":0},"b":{"0":[0,0],"1":[0,0],"2":[0,0],"3":[0,0],"4":[0,0],"5":[0,0],"6":[0,0]}}
,"/Users/goconqueror/Desktop/vedaAI_prototype/backend/src/queues/redis.ts": {"path":"/Users/goconqueror/Desktop/vedaAI_prototype/backend/src/queues/redis.ts","statementMap":{"0":{"start":{"line":62,"column":0},"end":{"line":62,"column":7}},"1":{"start":{"line":80,"column":0},"end":{"line":80,"column":7}},"2":{"start":{"line":1,"column":0},"end":{"line":1,"column":51}},"3":{"start":{"line":2,"column":0},"end":{"line":2,"column":36}},"4":{"start":{"line":3,"column":0},"end":{"line":3,"column":61}},"5":{"start":{"line":4,"column":0},"end":{"line":4,"column":null}},"6":{"start":{"line":17,"column":2},"end":{"line":17,"column":55}},"7":{"start":{"line":21,"column":18},"end":{"line":21,"column":32}},"8":{"start":{"line":23,"column":2},"end":{"line":36,"column":4}},"9":{"start":{"line":40,"column":15},"end":{"line":40,"column":38}},"10":{"start":{"line":42,"column":17},"end":{"line":49,"column":8}},"11":{"start":{"line":51,"column":2},"end":{"line":57,"column":5}},"12":{"start":{"line":52,"column":4},"end":{"line":54,"column":5}},"13":{"start":{"line":53,"column":6},"end":{"line":53,"column":36}},"14":{"start":{"line":56,"column":4},"end":{"line":56,"column":67}},"15":{"start":{"line":59,"column":2},"end":{"line":59,"column":16}},"16":{"start":{"line":63,"column":2},"end":{"line":63,"column":44}},"17":{"start":{"line":64,"column":2},"end":{"line":64,"column":37}},"18":{"start":{"line":65,"column":2},"end":{"line":65,"column":38}},"19":{"start":{"line":67,"column":2},"end":{"line":77,"column":3}},"20":{"start":{"line":68,"column":4},"end":{"line":68,"column":34}},"21":{"start":{"line":69,"column":4},"end":{"line":72,"column":7}},"22":{"start":{"line":74,"column":20},"end":{"line":74,"column":76}},"23":{"start":{"line":75,"column":4},"end":{"line":75,"column":55}},"24":{"start":{"line":76,"column":4},"end":{"line":76,"column":16}},"25":{"start":{"line":81,"column":2},"end":{"line":81,"column":32}},"26":{"start":{"line":81,"column":25},"end":{"line":81,"column":32}},"27":{"start":{"line":83,"column":2},"end":{"line":88,"column":3}},"28":{"start":{"line":84,"column":4},"end":{"line":84,"column":34}},"29":{"start":{"line":86,"column":20},"end":{"line":86,"column":76}},"30":{"start":{"line":87,"column":4},"end":{"line":87,"column":55}},"31":{"start":{"line":90,"column":2},"end":{"line":90,"column":40}}},"fnMap":{"0":{"name":"isUpstashUrl","decl":{"start":{"line":16,"column":9},"end":{"line":16,"column":21}},"loc":{"start":{"line":16,"column":21},"end":{"line":18,"column":1}}},"1":{"name":"buildBaseOptions","decl":{"start":{"line":20,"column":9},"end":{"line":20,"column":25}},"loc":{"start":{"line":20,"column":39},"end":{"line":37,"column":1}}},"2":{"name":"createClient","decl":{"start":{"line":39,"column":9},"end":{"line":39,"column":21}},"loc":{"start":{"line":39,"column":59},"end":{"line":60,"column":1}}},"3":{"name":"(anonymous_4)","decl":{"start":{"line":51,"column":21},"end":{"line":51,"column":22}},"loc":{"start":{"line":51,"column":38},"end":{"line":57,"column":3}}},"4":{"name":"connectRedis","decl":{"start":{"line":62,"column":22},"end":{"line":62,"column":34}},"loc":{"start":{"line":62,"column":34},"end":{"line":78,"column":1}}},"5":{"name":"disconnectRedis","decl":{"start":{"line":80,"column":22},"end":{"line":80,"column":37}},"loc":{"start":{"line":80,"column":37},"end":{"line":91,"column":1}}}},"branchMap":{"0":{"loc":{"start":{"line":17,"column":9},"end":{"line":17,"column":54}},"type":"binary-expr","locations":[{"start":{"line":17,"column":9},"end":{"line":17,"column":45}},{"start":{"line":17,"column":49},"end":{"line":17,"column":54}}]},"1":{"loc":{"start":{"line":29,"column":8},"end":{"line":35,"column":10}},"type":"cond-expr","locations":[{"start":{"line":30,"column":8},"end":{"line":34,"column":null}},{"start":{"line":35,"column":8},"end":{"line":35,"column":10}}]},"2":{"loc":{"start":{"line":42,"column":17},"end":{"line":49,"column":8}},"type":"cond-expr","locations":[{"start":{"line":43,"column":6},"end":{"line":43,"column":54}},{"start":{"line":44,"column":6},"end":{"line":49,"column":8}}]},"3":{"loc":{"start":{"line":52,"column":4},"end":{"line":54,"column":5}},"type":"if","locations":[{"start":{"line":52,"column":4},"end":{"line":54,"column":5}},{"start":{},"end":{}}]},"4":{"loc":{"start":{"line":74,"column":20},"end":{"line":74,"column":76}},"type":"cond-expr","locations":[{"start":{"line":74,"column":45},"end":{"line":74,"column":58}},{"start":{"line":74,"column":61},"end":{"line":74,"column":76}}]},"5":{"loc":{"start":{"line":81,"column":2},"end":{"line":81,"column":32}},"type":"if","locations":[{"start":{"line":81,"column":2},"end":{"line":81,"column":32}},{"start":{},"end":{}}]},"6":{"loc":{"start":{"line":86,"column":20},"end":{"line":86,"column":76}},"type":"cond-expr","locations":[{"start":{"line":86,"column":45},"end":{"line":86,"column":58}},{"start":{"line":86,"column":61},"end":{"line":86,"column":76}}]}},"s":{"0":1,"1":1,"2":1,"3":1,"4":1,"5":1,"6":0,"7":0,"8":0,"9":0,"10":0,"11":0,"12":0,"13":0,"14":0,"15":0,"16":0,"17":0,"18":0,"19":0,"20":0,"21":0,"22":0,"23":0,"24":0,"25":0,"26":0,"27":0,"28":0,"29":0,"30":0,"31":0},"f":{"0":0,"1":0,"2":0,"3":0,"4":0,"5":0},"b":{"
[...]
,"/Users/goconqueror/Desktop/vedaAI_prototype/backend/src/services/ai/generation-metrics.ts": {"path":"/Users/goconqueror/Desktop/vedaAI_prototype/backend/src/services/ai/generation-metrics.ts","statementMap":{"0":{"start":{"line":16,"column":0},"end":{"line":16,"column":16}},"1":{"start":{"line":18,"column":4},"end":{"line":18,"column":74}},"2":{"start":{"line":20,"column":2},"end":{"line":22,"column":3}},"3":{"start":{"line":21,"column":4},"end":{"line":21,"column":25}},"4":{"start":{"line":24,"column":2},"end":{"line":29,"column":3}},"5":{"start":{"line":28,"column":4},"end":{"line":28,"column":30}},"6":{"start":{"line":31,"column":2},"end":{"line":33,"column":3}},"7":{"start":{"line":32,"column":4},"end":{"line":32,"column":27}},"8":{"start":{"line":35,"column":2},"end":{"line":37,"column":3}},"9":{"start":{"line":36,"column":4},"end":{"line":36,"column":28}},"10":{"start":{"line":39,"column":2},"end":{"line":39,"column":25}},"11":{"start":{"line":46,"column":4},"end":{"line":46,"column":19}},"12":{"start":{"line":47,"column":4},"end":{"line":47,"column":44}},"13":{"start":{"line":48,"column":4},"end":{"line":48,"column":27}},"14":{"start":{"line":42,"column":0},"end":{"line":42,"column":13}}},"fnMap":{"0":{"name":"classifyGenerationError","decl":{"start":{"line":16,"column":16},"end":{"line":16,"column":39}},"loc":{"start":{"line":16,"column":54},"end":{"line":40,"column":1}}},"1":{"name":"(anonymous_1)","decl":{"start":{"line":45,"column":2},"end":{"line":45,"column":14}},"loc":{"start":{"line":45,"column":57},"end":{"line":49,"column":3}}}},"branchMap":{"0":{"loc":{"start":{"line":18,"column":4},"end":{"line":18,"column":74}},"type":"cond-expr","locations":[{"start":{"line":18,"column":29},"end":{"line":18,"column":56}},{"start":{"line":18,"column":59},"end":{"line":18,"column":74}}]},"1":{"loc":{"start":{"line":20,"column":2},"end":{"line":22,"column":3}},"type":"if","locations":[{"start":{"line":20,"column":2},"end":{"line":22,"column":3}},{"start":{},"end":{}}]},"2":{"loc":{"start":{"line":24,"column":2},"end":{"line":29,"column":3}},"type":"if","locations":[{"start":{"line":24,"column":2},"end":{"line":29,"column":3}},{"start":{},"end":{}}]},"3":{"loc":{"start":{"line":25,"column":4},"end":{"line":26,"column":46}},"type":"binary-expr","locations":[{"start":{"line":25,"column":4},"end":{"line":25,"column":41}},{"start":{"line":26,"column":4},"end":{"line":26,"column":46}}]},"4":{"loc":{"start":{"line":31,"column":2},"end":{"line":33,"column":3}},"type":"if","locations":[{"start":{"line":31,"column":2},"end":{"line":33,"column":3}},{"start":{},"end":{}}]},"5":{"loc":{"start":{"line":35,"column":2},"end":{"line":37,"column":3}},"type":"if","locations":[{"start":{"line":35,"column":2},"end":{"line":37,"column":3}},{"start":{},"end":{}}]}},"s":{"0":1,"1":2,"2":2,"3":0,"4":2,"5":2,"6":0,"7":0,"8":0,"9":0,"10":0,"11":2,"12":2,"13":2,"14":1},"f":{"0":2,"1":2},"b":{"0":[2,0],"1":[0,2],"2":[2,0],"3":[2,0],"4":[0,0],"5":[0,0]}}
,"/Users/goconqueror/Desktop/vedaAI_prototype/backend/src/services/ai/response-parser.ts": {"path":"/Users/goconqueror/Desktop/vedaAI_prototype/backend/src/services/ai/response-parser.ts","statementMap":{"0":{"start":{"line":161,"column":0},"end":{"line":161,"column":16}},"1":{"start":{"line":1,"column":0},"end":{"line":1,"column":24}},"2":{"start":{"line":2,"column":0},"end":{"line":2,"column":46}},"3":{"start":{"line":4,"column":13},"end":{"line":4,"column":67}},"4":{"start":{"line":6,"column":13},"end":{"line":10,"column":3}},"5":{"start":{"line":12,"column":13},"end":{"line":18,"column":3}},"6":{"start":{"line":20,"column":13},"end":{"line":28,"column":3}},"7":{"start":{"line":30,"column":13},"end":{"line":80,"column":5}},"8":{"start":{"line":40,"column":27},"end":{"line":42,"column":null}},"9":{"start":{"line":41,"column":24},"end":{"line":41,"column":54}},"10":{"start":{"line":45,"column":4},"end":{"line":52,"column":5}},"11":{"start":{"line":46,"column":6},"end":{"line":50,"column":9}},"12":{"start":{"line":51,"column":6},"end":{"line":51,"column":13}},"13":{"start":{"line":54,"column":20},"end":{"line":54,"column":71}},"14":{"start":{"line":54,"column":50},"end":{"line":54,"column":70}},"15":{"start":{"line":55,"column":26},"end":{"line":55,"column":42}},"16":{"start":{"line":57,"column":4},"end":{"line":64,"column":5}},"17":{"start":{"line":58,"column":6},"end":{"line":62,"column":9}},"18":{"start":{"line":63,"column":6},"end":{"line":63,"column":13}},"19":{"start":{"line":66,"column":21},"end":{"line":66,"column":84}},"20":{"start":{"line":66,"column":74},"end":{"line":66,"column":83}},"21":{"start":{"line":67,"column":19},"end":{"line":67,"column":53}},"22":{"start":{"line":67,"column":47},"end":{"line":67,"column":52}},"23":{"start":{"line":69,"column":4},"end":{"line":79,"column":5}},"24":{"start":{"line":69,"column":21},"end":{"line":69,"column":22}},"25":{"start":{"line":70,"column":6},"end":{"line":78,"column":7}},"26":{"start":{"line":71,"column":8},"end":{"line":76,"column":11}},"27":{"start":{"line":77,"column":8},"end":{"line":77,"column":15}},"28":{"start":{"line":89,"column":16},"end":{"line":89,"column":30}},"29":{"start":{"line":91,"column":2},"end":{"line":93,"column":3}},"30":{"start":{"line":92,"column":4},"end":{"line":92,"column":44}},"31":{"start":{"line":96,"column":27},"end":{"line":97,"column":null}},"32":{"start":{"line":100,"column":2},"end":{"line":108,"column":3}},"33":{"start":{"line":101,"column":4},"end":{"line":101,"column":41}},"34":{"start":{"line":104,"column":4},"end":{"line":107,"column":14}},"35":{"start":{"line":110,"column":2},"end":{"line":112,"column":3}},"36":{"start":{"line":111,"column":4},"end":{"line":111,"column":59}},"37":{"start":{"line":114,"column":2},"end":{"line":114,"column":17}},"38":{"start":{"line":118,"column":2},"end":{"line":120,"column":3}},"39":{"start":{"line":119,"column":4},"end":{"line":119,"column":21}},"40":{"start":{"line":122,"column":20},"end":{"line":122,"column":62}},"41":{"start":{"line":124,"column":2},"end":{"line":126,"column":3}},"42":{"start":{"line":125,"column":4},"end":{"line":125,"column":21}},"43":{"start":{"line":128,"column":2},"end":{"line":135,"column":8}},"44":{"start":{"line":129,"column":4},"end":{"line":131,"column":5}},"45":{"start":{"line":130,"column":6},"end":{"line":130,"column":19}},"46":{"start":{"line":133,"column":23},"end":{"line":133,"column":68}},"47":{"start":{"line":134,"column":4},"end":{"line":134,"column":69}},"48":{"start":{"line":139,"column":2},"end":{"line":149,"column":3}},"49":{"start":{"line":140,"column":4},"end":{"line":140,"column":46}},"50":{"start":{"line":143,"column":6},"end":{"line":143,"column":73}},"51":{"start":{"line":144,"column":4},"end":{"line":147,"column":7}},"52":{"start":{"line":148,"column":4},"end":{"line":148,"column":71}},"53":{"start":{"line":153,"column":2},"end":{"line":158,"column":16}},"54":{"start":{"line":155,"column":19},"end":{"line":155,"column":72}},"55":{"start":{"line":156,"column":6},"end":{"line":156,"column":41}},"56":{"start":{"line":162,"column":22},"end":{"line":162,"column":43}},"57":{"start":{"line":163,"column":17},"end":{"line":163,"column":39}},"58":{"start":{"line":165,"column":17},"end":{"line":165,"column":59}},"59":{"start":{"line":167,"column":2},"end":{"line":176,"column":3}},"60":{"start":{"line":168,"column":26},"end":{"line":168,"column":58}},"61":{"start":{"line":169,"column":4},"end":{"line":172,"column":7}},"62":{"start":{"line":173,"column":4},"end":{"line":175,"column":6}},"63":{"start":{"line":178,"column":2},"end":{"line":178,"column":21}}},"fnMap":{"0":{"name":"(anonymous_0)","decl":{"start":{"line":39,"column":15},"end":{"line":39,"column":16}},"loc":{"start":{"line":39,"column":29},"end":{"line":80,"column":3}}},"1":{"name":"(anonymous_1)","decl":{"start":{"line":41,"column":6},"end":{"line":41,"column":7}},"loc":{"start":{"line":41,"column":24},"end":{"line":41,"column":54}}},"2":{"name":"(anonymous_2)","decl":{"start":{"line":54,"column":39},"end":{"line":54,"column":40}},"loc":{"start":{"line":54,"column":50},"end":{"line":54,"column":70}}},"3":{"name":"(anonymous_3)","decl":{"start":{"line":66,"column":60},"end":{"line":66,"column":61}},"loc":{"start":{"line":66,"column":74},"end":{"line":66,"column":83}}},"4":{"name":"(anonymous_4)","decl":{"start":{"line":67,"column":37},"end":{"line":67,"column":38}},"loc":{"start":{"line":67,"column":47},"end":{"line":67,"column":52}}},"5":{"name":"cleanRawText","decl":{"start":{"line":88,"column":9},"end":{"line":88,"column":21}},"loc":{"start":{"line":88,"column":37},"end":{"line":115,"column":1}}},"6":{"name":"countQuestionsFromParsed","decl":{"start":{"line":117,"column":9},"end":{"line":117,"column":33}},"loc":{"start":{"line":117,"column":49},"end":{"line":136,"column":1}}},"7":{"name":"(anonymous_7)","decl":{"start":{"line":128,"column":25},"end":{"line":128,"column":26}},"loc":{"start":{"line":128,"column":44},"end":{"line":135,"column":3}}},"8":{"name":"parseJson","decl":{"start":{"line":138,"column":9},"end":{"line":138,"column":18}},"loc":{"start":{"line":138,"column":38},"end":{"line":150,"column":1}}},"9":{"name":"formatZodError","decl":{"start":{"line":152,"column":9},"end":{"line":152,"column":23}},"loc":{"start":{"line":152,"column":41},"end":{"line":159,"column":1}}},"10":{"name":"(anonymous_10)","decl":{"start":{"line":154,"column":9},"end":{"line":154,"column":10}},"loc":{"start":{"line":154,"column":19},"end":{"line":157,"column":5}}},"11":{"name":"parseAIResponse","decl":{"start":{"line":161,"column":16},"end":{"line":161,"column":31}},"loc":{"start":{"line":161,"column":47},"end":{"line":179,"column":1}}}},"branchMap":{"0":{"loc":{"start":{"line":45,"column":4},"end":{"line":52,"column":5}},"type":"if","locations":[{"start":{"line":45,"column":4},"end":{"line":52,"column":5}},{"start":{},"end":{}}]},"1":{"loc":{"start":{"line":57,"column":4},"end":{"line":64,"column":5}},"type":"if","locations":[{"start":{"line":57,"column":4},"end":{"line":64,"column":5}},{"start":{},"end":{}}]},"2":{"loc":{"start":{"line":70,"column":6},"end":{"line":78,"column":7}},"type":"if","locations":[{"start":{"line":70,"column":6},"end":{"line":78,"column":7}},{"start":{},"end":{}}]},"3":{"loc":{"start":{"line":91,"column":2},"end":{"line":93,"column":3}},"type":"if","locations":[{"start":{"line":91,"column":2},"end":{"line":93,"column":3}},{"start":{},"end":{}}]},"4":{"loc":{"start":{"line":100,"column":2},"end":{"line":108,"column":3}},"type":"if","locations":[{"start":{"line":100,"column":2},"end":{"line":108,"column":3}},{"start":{"line":102,"column":9},"end":{"line":108,"column":3}}]},"5":{"loc":{"start":{"line":110,"column":2},"end":{"line":112,"column":3}},"type":"if","locations":[{"start":{"line":110,"column":2},"end":{"line":112,"column":3}},{"start":{},"end":{}}]},"6":{"loc":{"start":{"line":118,"column":2},"end":{"line":120,"column":3}},"type":"if","locations":[{"start":{"line":118,"column":2},"end":{"line":120,"column":3}},{"start":{},"end":{}}]},"7":{"loc":{"start":{"line":118,"column":6},"end":{"line":118,"column":70}},"type":"binary-expr","locations":[{"start":{"line":118,"column":6},"end":{"line":118,"column":13}},{"start":{"line":118,"column":17},"end":{"line":118,"column":43}},{"start":{"line":118,"column":47},"end":{"line":118,"column":70}}]},"8":{"loc":{"start":{"line":124,"column":2},"end":{"line":126,"column":3}},"type":"if","locations":[{"start":{"line":124,"column":2},"end":{"line":126,"column":3}},{"start":{},"end":{}}]},"9":{"loc":{"start":{"line":129,"column":4},"end":{"line":131,"column":5}},"type":"if","locations":[{"start":{"line":129,"column":4},"end":{"line":131,"column":5}},{"start":{},"end":{}}]},"10":{"loc":{"start":{"line":129,"column":8},"end":{"line":129,"column":76}},"type":"binary-expr","locations":[{"start":{"line":129,"column":8},"end":{"line":129,"column":16}},{"start":{"line":129,"column":20},"end":{"line":129,"column":47}},{"start":{"line":129,"column":51},"end":{"line":129,"column":76}}]},"11":{"loc":{"start":{"line":134,"column":20},"end":{"line":134,"column":67}},"type":"cond-expr","locations":[{"start":{"line":134,"column":47},"end":{"line":134,"column":63}},{"start":{"line":134,"column":66},"end":{"line":134,"column":67}}]},"12":{"loc":{"start":{"line":143,"column":6},"end":{"line":143,"column":73}},"type":"cond-expr","locations":[{"start":{"line":143,"column":31},"end":{"line":143,"column":44}},{"start":{"line":143,"column":47},"end":{"line":143,"column":73}}]},"13":{"loc":{"start":{"line":155,"column":19},"end":{"line":155,"column":72}},"type":"cond-expr","locations":[{"start":{"line":155,"column":43},"end":{"line":155,"column":63}},{"start":{"line":155,"column":66},"end":{"line":155,"column":72}}]},"14":{"loc":{"start":{"line":167,"column":2},"end":{"line":176,"column":3}},"type":"if","locations":[{"start":{"line":167,"column":2},"end":{"line":176,"column":3}},{"start":{},"end":{}}]},"15":{"loc":{"start":{"line":171,"column":10},"end":{"line":171,"column":62}},"type":"cond-expr","locations":[{"start":{"line":171,"column":40},"end":{"line":171,"column":57}},{"start":{"line":171,"column":60},"end":{"line":171,"column":62}}]}},"s":{"0":2,"1":2,"2":2,"3":2,"4":2,"5":2,"6":2,"7":2,"8":6,"9":6,"10":6,"11":1,"12":1,"13":5,"14":8,"15":5,"16":5,"17":0,"18":0,"19":5,"20":8,"21":5,"22":3,"23":5,"24":5,"25":8,"26":1,"27":1,"28":9,"29":9,"30":0,"31":9,"32":9,"33":1,"34":8,"35":9,"36":0,"37":9,"38":4,"39":1,"40":3,"41":3,"42":0,"43":3,"44":3,"45":0,"46":3,"47":3,"48":9,"49":9,"50":1,"51":1,"52":1,"53":8,"54":8,"55":8,"56":9,"57":9,"58":8,"59":8,"60":4,"61":4,"62":4,"63":4},"f":{"0":6,"1":6,"2":8,"3":8,"4":3,"5":9,"6":4,"7":3,"8":9,"9":8,"10":8,"11":9},"b":{"0":[1,5],"1":[0,5],"2":[1,7],"3":[0,9],"4":[1,8],"5":[0,9],"6":[1,3],"7":[4,4,4],"8":[0,3],"9":[0,3],"10":[3,3,3],"11":[3,0],"12":[1,0],"13":[8,0],"14":[4,4],"15":[3,1]}}
,"/Users/goconqueror/Desktop/vedaAI_prototype/backend/src/utils/logger.ts": {"path":"/Users/goconqueror/Desktop/vedaAI_prototype/backend/src/utils/logger.ts","statementMap":{"0":{"start":{"line":9,"column":0},"end":{"line":9,"column":16}},"1":{"start":{"line":15,"column":0},"end":{"line":15,"column":16}},"2":{"start":{"line":21,"column":0},"end":{"line":21,"column":16}},"3":{"start":{"line":28,"column":0},"end":{"line":28,"column":16}},"4":{"start":{"line":1,"column":0},"end":{"line":1,"column":36}},"5":{"start":{"line":6,"column":2},"end":{"line":6,"column":65}},"6":{"start":{"line":10,"column":18},"end":{"line":10,"column":34}},"7":{"start":{"line":11,"column":2},"end":{"line":12,"column":28}},"8":{"start":{"line":11,"column":15},"end":{"line":11,"column":45}},"9":{"start":{"line":12,"column":7},"end":{"line":12,"column":28}},"10":{"start":{"line":16,"column":18},"end":{"line":16,"column":34}},"11":{"start":{"line":17,"column":2},"end":{"line":18,"column":29}},"12":{"start":{"line":17,"column":15},"end":{"line":17,"column":46}},"13":{"start":{"line":18,"column":7},"end":{"line":18,"column":29}},"14":{"start":{"line":22,"column":18},"end":{"line":22,"column":34}},"15":{"start":{"line":23,"column":2},"end":{"line":24,"column":30}},"16":{"start":{"line":23,"column":15},"end":{"line":23,"column":47}},"17":{"start":{"line":24,"column":7},"end":{"line":24,"column":30}},"18":{"start":{"line":29,"column":2},"end":{"line":29,"column":31}},"19":{"start":{"line":29,"column":24},"end":{"line":29,"column":31}},"20":{"start":{"line":31,"column":18},"end":{"line":31,"column":34}},"21":{"start":{"line":32,"column":2},"end":{"line":33,"column":28}},"22":{"start":{"line":32,"column":15},"end":{"line":32,"column":45}},"23":{"start":{"line":33,"column":7},"end":{"line":33,"column":28}}},"fnMap":{"0":{"name":"formatMeta","decl":{"start":{"line":5,"column":9},"end":{"line":5,"column":19}},"loc":{"start":{"line":5,"column":34},"end":{"line":7,"column":1}}},"1":{"name":"logInfo","decl":{"start":{"line":9,"column":16},"end":{"line":9,"column":23}},"loc":{"start":{"line":9,"column":55},"end":{"line":13,"column":1}}},"2":{"name":"logWarn","decl":{"start":{"line":15,"column":16},"end":{"line":15,"column":23}},"loc":{"start":{"line":15,"column":55},"end":{"line":19,"column":1}}},"3":{"name":"logError","decl":{"start":{"line":21,"column":16},"end":{"line":21,"column":24}},"loc":{"start":{"line":21,"column":56},"end":{"line":25,"column":1}}},"4":{"name":"logDebug","decl":{"start":{"line":28,"column":16},"end":{"line":28,"column":24}},"loc":{"start":{"line":28,"column":56},"end":{"line":34,"column":1}}}},"branchMap":{"0":{"loc":{"start":{"line":6,"column":9},"end":{"line":6,"column":64}},"type":"cond-expr","locations":[{"start":{"line":6,"column":48},"end":{"line":6,"column":52}},{"start":{"line":6,"column":55},"end":{"line":6,"column":64}}]},"1":{"loc":{"start":{"line":6,"column":9},"end":{"line":6,"column":45}},"type":"binary-expr","locations":[{"start":{"line":6,"column":9},"end":{"line":6,"column":13}},{"start":{"line":6,"column":17},"end":{"line":6,"column":45}}]},"2":{"loc":{"start":{"line":11,"column":2},"end":{"line":12,"column":28}},"type":"if","locations":[{"start":{"line":11,"column":2},"end":{"line":12,"column":28}},{"start":{"line":12,"column":7},"end":{"line":12,"column":28}}]},"3":{"loc":{"start":{"line":17,"column":2},"end":{"line":18,"column":29}},"type":"if","locations":[{"start":{"line":17,"column":2},"end":{"line":18,"column":29}},{"start":{"line":18,"column":7},"end":{"line":18,"column":29}}]},"4":{"loc":{"start":{"line":23,"column":2},"end":{"line":24,"column":30}},"type":"if","locations":[{"start":{"line":23,"column":2},"end":{"line":24,"column":30}},{"start":{"line":24,"column":7},"end":{"line":24,"column":30}}]},"5":{"loc":{"start":{"line":29,"column":2},"end":{"line":29,"column":31}},"type":"if","locations":[{"start":{"line":29,"column":2},"end":{"line":29,"column":31}},{"start":{},"end":{}}]},"6":{"loc":{"start":{"line":32,"column":2},"end":{"line":33,"column":28}},"type":"if","locations":[{"start":{"line":32,"column":2},"end":{"line":33,"column":28}},{"start":{"line":33,"column":7},"end":{"line":33,"column":28}}]}},"s":{"0":3,"1":3,"2":3,"3":3,"4":3,"5":9,"6":2,"7":2,"8":2,"9":0,"10":0,"11":0,"12":0,"13":0,"14":7,"15":7,"16":7,"17":0,"18":0,"19":0,"20":0,"21":0,"22":0,"23":0},"f":{"0":9,"1":2,"2":0,"3":7,"4":0},"b":{"0":[9,0],"1":[9,9],"2":[2,0],"3":[0,0],"4":[7,0],"5":[0,0],"6":[0,0]}}
}
