TN:
SF:src/config/env.ts
FN:11,readRequired
FN:22,readOptional
FN:27,readBoolean
FN:35,readOptionalPositiveNumber
FN:51,readFirebasePrivateKey
FN:59,readAIProvider
FN:95,validateEnv
FN:139,getCorsOrigins
FN:142,(anonymous_8)
FNF:9
FNH:6
FNDA:3,readRequired
FNDA:12,readOptional
FNDA:3,readBoolean
FNDA:3,readOptionalPositiveNumber
FNDA:3,readFirebasePrivateKey
FNDA:3,readAIProvider
FNDA:0,validateEnv
FNDA:0,getCorsOrigins
FNDA:0,(anonymous_8)
DA:1,3
DA:2,3
DA:3,3
DA:4,3
DA:5,3
DA:6,3
DA:8,3
DA:12,3
DA:13,3
DA:14,0
DA:19,3
DA:23,12
DA:24,12
DA:28,3
DA:30,3
DA:32,3
DA:36,3
DA:38,3
DA:40,0
DA:42,0
DA:43,0
DA:48,0
DA:52,3
DA:54,3
DA:56,0
DA:60,3
DA:62,3
DA:63,0
DA:68,3
DA:71,3
DA:95,3
DA:96,0
DA:98,0
DA:99,0
DA:104,0
DA:105,0
DA:108,0
DA:109,0
DA:114,0
DA:115,0
DA:118,0
DA:119,0
DA:120,0
DA:125,0
DA:126,0
DA:131,0
DA:132,0
DA:139,3
DA:140,0
DA:142,0
LF:50
LH:25
BRDA:13,0,0,0
BRDA:13,0,1,3
BRDA:24,1,0,0
BRDA:24,1,1,12
BRDA:24,2,0,12
BRDA:24,2,1,0
BRDA:27,3,0,0
BRDA:30,4,0,0
BRDA:30,4,1,3
BRDA:32,5,0,3
BRDA:32,5,1,3
BRDA:32,5,2,3
BRDA:38,6,0,3
BRDA:38,6,1,0
BRDA:42,7,0,0
BRDA:42,7,1,0
BRDA:42,8,0,0
BRDA:42,8,1,0
BRDA:54,9,0,3
BRDA:54,9,1,0
BRDA:62,10,0,0
BRDA:62,10,1,3
BRDA:72,11,0,3
BRDA:72,11,1,0
BRDA:74,12,0,3
BRDA:74,12,1,3
BRDA:77,13,0,3
BRDA:77,13,1,0
BRDA:79,14,0,3
BRDA:79,14,1,3
BRDA:86,15,0,3
BRDA:86,15,1,0
BRDA:87,16,0,3
BRDA:87,16,1,3
BRDA:88,17,0,3
BRDA:88,17,1,3
BRDA:90,18,0,3
BRDA:90,18,1,3
BRDA:91,19,0,3
BRDA:91,19,1,3
BRDA:98,20,0,0
BRDA:98,20,1,0
BRDA:98,21,0,0
BRDA:98,21,1,0
BRDA:104,22,0,0
BRDA:104,22,1,0
BRDA:104,23,0,0
BRDA:104,23,1,0
BRDA:108,24,0,0
BRDA:108,24,1,0
BRDA:108,25,0,0
BRDA:108,25,1,0
BRDA:114,26,0,0
BRDA:114,26,1,0
BRDA:114,27,0,0
BRDA:114,27,1,0
BRDA:118,28,0,0
BRDA:118,28,1,0
BRDA:119,29,0,0
BRDA:119,29,1,0
BRDA:125,30,0,0
BRDA:125,30,1,0
BRDA:131,31,0,0
BRDA:131,31,1,0
BRF:64
BRH:25
end_of_record
TN:
SF:src/config/uploads.ts
FNF:0
FNH:0
DA:1,1
DA:3,1
LF:2
LH:2
BRF:0
BRH:0
end_of_record
TN:
SF:src/middleware/uploadErrorHandler.ts
FN:6,uploadErrorHandler
FN:48,assertUploadWithinLimit
FN:54,isMaterialUploadError
FNF:3
FNH:0
FNDA:0,uploadErrorHandler
FNDA:0,assertUploadWithinLimit
FNDA:0,isMaterialUploadError
DA:2,1
DA:3,1
DA:4,1
DA:6,1
DA:12,0
DA:13,0
DA:14,0
DA:18,0
DA:21,0
DA:22,0
DA:26,0
DA:29,0
DA:33,0
DA:36,0
DA:37,0
DA:38,0
DA:42,0
DA:45,0
DA:48,1
DA:49,0
DA:50,0
DA:54,1
DA:55,0
DA:57,0
LF:24
LH:6
BRDA:12,0,0,0
BRDA:12,0,1,0
BRDA:13,1,0,0
BRDA:13,1,1,0
BRDA:21,2,0,0
BRDA:21,2,1,0
BRDA:36,3,0,0
BRDA:36,3,1,0
BRDA:49,4,0,0
BRDA:49,4,1,0
BRDA:55,5,0,0
BRDA:55,5,1,0
BRDA:58,6,0,0
BRDA:58,6,1,0
BRDA:58,6,2,0
BRDA:58,6,3,0
BRDA:58,6,4,0
BRDA:58,6,5,0
BRDA:58,6,6,0
BRDA:58,6,7,0
BRDA:58,6,8,0
BRF:21
BRH:0
end_of_record
TN:
SF:src/modules/assignment/assignment.constants.ts
FNF:0
FNH:0
DA:1,1
DA:4,1
DA:6,1
LF:3
LH:3
BRF:0
BRH:0
end_of_record
TN:
SF:src/modules/assignment/assignment.controller.ts
FN:65,parseQuestionConfig
FN:73,parseAssignmentIds
FN:76,(anonymous_2)
FN:79,isManualStatus
FN:86,getRouteParam
FN:92,resolveRequestUserId
FN:104,buildUpdatedSocketPayload
FN:126,createAssignment
FN:257,createAssignmentUploadMiddleware
FN:262,(anonymous_9)
FN:272,getAssignments
FN:292,getAssignmentById
FN:326,deleteAssignment
FN:369,bulkDeleteAssignments
FN:405,(anonymous_14)
FN:422,patchAssignmentStatus
FN:471,bulkUpdateAssignmentStatus
FN:516,(anonymous_17)
FNF:18
FNH:7
FNDA:0,parseQuestionConfig
FNDA:1,parseAssignmentIds
FNDA:1,(anonymous_2)
FNDA:0,isManualStatus
FNDA:3,getRouteParam
FNDA:4,resolveRequestUserId
FNDA:0,buildUpdatedSocketPayload
FNDA:0,createAssignment
FNDA:0,createAssignmentUploadMiddleware
FNDA:0,(anonymous_9)
FNDA:0,getAssignments
FNDA:2,getAssignmentById
FNDA:1,deleteAssignment
FNDA:1,bulkDeleteAssignments
FNDA:0,(anonymous_14)
FNDA:0,patchAssignmentStatus
FNDA:0,bulkUpdateAssignmentStatus
FNDA:0,(anonymous_17)
DA:2,1
DA:6,1
DA:7,1
DA:11,1
DA:15,1
DA:20,1
DA:21,1
DA:22,1
DA:23,1
DA:29,1
DA:33,1
DA:37,1
DA:38,1
DA:66,0
DA:67,0
DA:70,0
DA:74,1
DA:76,1
DA:80,0
DA:87,3
DA:88,0
DA:89,0
DA:93,4
DA:94,0
DA:98,0
DA:101,4
DA:110,0
DA:115,0
DA:116,0
DA:119,0
DA:120,0
DA:123,0
DA:126,1
DA:131,0
DA:135,0
DA:136,0
DA:137,0
DA:141,0
DA:143,0
DA:146,0
DA:148,0
DA:149,0
DA:155,0
DA:159,0
DA:171,0
DA:173,0
DA:174,0
DA:176,0
DA:181,0
DA:182,0
DA:183,0
DA:184,0
DA:185,0
DA:186,0
DA:189,0
DA:205,0
DA:211,0
DA:227,0
DA:229,0
DA:230,0
DA:232,0
DA:241,0
DA:242,0
DA:246,0
DA:249,0
DA:251,0
DA:252,0
DA:257,1
DA:262,0
DA:263,0
DA:264,0
DA:265,0
DA:268,0
DA:272,1
DA:277,0
DA:278,0
DA:279,0
DA:281,0
DA:283,0
DA:288,0
DA:292,1
DA:297,2
DA:298,2
DA:299,2
DA:301,2
DA:302,2
DA:303,0
DA:304,0
DA:307,2
DA:309,2
DA:310,1
DA:314,1
DA:317,1
DA:322,0
DA:326,1
DA:331,1
DA:332,1
DA:333,1
DA:335,1
DA:337,1
DA:338,0
DA:339,0
DA:342,1
DA:344,1
DA:345,1
DA:349,1
DA:352,0
DA:353,0
DA:354,0
DA:356,0
DA:357,0
DA:359,0
DA:365,0
DA:369,1
DA:374,1
DA:375,1
DA:376,1
DA:378,1
DA:379,1
DA:381,1
DA:382,0
DA:386,0
DA:389,1
DA:391,1
DA:392,1
DA:396,1
DA:399,0
DA:400,0
DA:405,0
DA:406,0
DA:411,0
DA:418,0
DA:422,1
DA:427,0
DA:428,0
DA:429,0
DA:431,0
DA:432,0
DA:433,0
DA:434,0
DA:437,0
DA:439,0
DA:440,0
DA:444,0
DA:447,0
DA:449,0
DA:450,0
DA:454,0
DA:457,0
DA:458,0
DA:460,0
DA:462,0
DA:467,0
DA:471,1
DA:476,0
DA:477,0
DA:478,0
DA:480,0
DA:481,0
DA:483,0
DA:484,0
DA:488,0
DA:491,0
DA:492,0
DA:496,0
DA:499,0
DA:501,0
DA:502,0
DA:506,0
DA:509,0
DA:514,0
DA:516,0
DA:517,0
DA:520,0
DA:527,0
LF:175
LH:55
BRDA:66,0,0,0
BRDA:66,0,1,0
BRDA:74,1,0,0
BRDA:74,1,1,1
BRDA:76,2,0,1
BRDA:76,2,1,1
BRDA:81,3,0,0
BRDA:81,3,1,0
BRDA:87,4,0,3
BRDA:87,4,1,0
BRDA:87,5,0,3
BRDA:87,5,1,3
BRDA:88,6,0,0
BRDA:88,6,1,0
BRDA:88,7,0,0
BRDA:88,7,1,0
BRDA:93,8,0,0
BRDA:93,8,1,4
BRDA:115,9,0,0
BRDA:115,9,1,0
BRDA:119,10,0,0
BRDA:119,10,1,0
BRDA:137,11,0,0
BRDA:137,11,1,0
BRDA:141,12,0,0
BRDA:141,12,1,0
BRDA:143,13,0,0
BRDA:143,13,1,0
BRDA:148,14,0,0
BRDA:148,14,1,0
BRDA:176,15,0,0
BRDA:176,15,1,0
BRDA:181,16,0,0
BRDA:181,16,1,0
BRDA:199,17,0,0
BRDA:199,17,1,0
BRDA:200,18,0,0
BRDA:200,18,1,0
BRDA:201,19,0,0
BRDA:201,19,1,0
BRDA:202,20,0,0
BRDA:202,20,1,0
BRDA:220,21,0,0
BRDA:220,21,1,0
BRDA:222,22,0,0
BRDA:222,22,1,0
BRDA:223,23,0,0
BRDA:223,23,1,0
BRDA:241,24,0,0
BRDA:241,24,1,0
BRDA:251,25,0,0
BRDA:251,25,1,0
BRDA:263,26,0,0
BRDA:263,26,1,0
BRDA:279,27,0,0
BRDA:279,27,1,0
BRDA:299,28,0,0
BRDA:299,28,1,2
BRDA:302,29,0,0
BRDA:302,29,1,2
BRDA:309,30,0,1
BRDA:309,30,1,1
BRDA:333,31,0,0
BRDA:333,31,1,1
BRDA:337,32,0,0
BRDA:337,32,1,1
BRDA:344,33,0,1
BRDA:344,33,1,0
BRDA:376,34,0,0
BRDA:376,34,1,1
BRDA:381,35,0,0
BRDA:381,35,1,1
BRDA:391,36,0,1
BRDA:391,36,1,0
BRDA:429,37,0,0
BRDA:429,37,1,0
BRDA:432,38,0,0
BRDA:432,38,1,0
BRDA:439,39,0,0
BRDA:439,39,1,0
BRDA:449,40,0,0
BRDA:449,40,1,0
BRDA:478,41,0,0
BRDA:478,41,1,0
BRDA:483,42,0,0
BRDA:483,42,1,0
BRDA:491,43,0,0
BRDA:491,43,1,0
BRDA:501,44,0,0
BRDA:501,44,1,0
BRF:90
BRH:17
end_of_record
TN:
SF:src/modules/assignment/assignment.queries.ts
FN:9,isDeletedAssignment
FN:16,userScopedFilter
FN:23,findActiveAssignmentById
FN:33,findActiveAssignments
FN:39,findActiveAssignmentsByIds
FN:54,countInFlightAssignments
FN:65,findActiveAssignmentByIdInternal
FNF:7
FNH:0
FNDA:0,isDeletedAssignment
FNDA:0,userScopedFilter
FNDA:0,findActiveAssignmentById
FNDA:0,findActiveAssignments
FNDA:0,findActiveAssignmentsByIds
FNDA:0,countInFlightAssignments
FNDA:0,findActiveAssignmentByIdInternal
DA:1,1
DA:5,1
DA:9,1
DA:12,0
DA:16,1
DA:17,0
DA:23,1
DA:27,0
DA:33,1
DA:36,0
DA:39,1
DA:43,0
DA:54,1
DA:55,0
DA:65,1
DA:68,0
LF:16
LH:9
BRF:0
BRH:0
end_of_record
TN:
SF:src/modules/assignment/assignment.serializer.ts
FN:6,serializeAssignmentCore
FN:48,serializeAssignment
FN:53,serializeAssignmentForList
FN:59,serializeAssignments
FN:61,(anonymous_4)
FN:71,(anonymous_5)
FNF:6
FNH:2
FNDA:1,serializeAssignmentCore
FNDA:1,serializeAssignment
FNDA:0,serializeAssignmentForList
FNDA:0,serializeAssignments
FNDA:0,(anonymous_4)
FNDA:0,(anonymous_5)
DA:2,1
DA:3,1
DA:4,1
DA:7,1
DA:8,0
DA:11,0
DA:16,1
DA:17,1
DA:24,1
DA:27,1
DA:37,1
DA:39,1
DA:48,1
DA:49,1
DA:53,1
DA:54,0
DA:55,0
DA:56,0
DA:59,1
DA:60,0
DA:61,0
DA:63,0
DA:65,0
DA:66,0
DA:71,0
DA:72,0
LF:26
LH:14
BRDA:7,0,0,0
BRDA:7,0,1,1
BRDA:27,1,0,1
BRDA:27,1,1,1
BRDA:28,2,0,0
BRDA:28,2,1,1
BRDA:28,3,0,1
BRDA:28,3,1,0
BRDA:33,4,0,0
BRDA:33,4,1,0
BRDA:43,5,0,0
BRDA:43,5,1,1
BRDA:65,6,0,0
BRDA:65,6,1,0
BRF:14
BRH:6
end_of_record
TN:
SF:src/modules/assignment/assignment.status.ts
FN:4,normalizeAssignmentStatus
FNF:1
FNH:1
FNDA:1,normalizeAssignmentStatus
DA:1,1
DA:4,1
DA:5,1
DA:6,1
DA:9,0
LF:5
LH:4
BRDA:5,0,0,1
BRDA:5,0,1,0
BRF:2
BRH:1
end_of_record
TN:
SF:src/modules/assignment/assignment.types.ts
FNF:0
FNH:0
DA:1,1
DA:10,1
LF:2
LH:2
BRF:0
BRH:0
end_of_record
TN:
SF:src/modules/billing/plan.config.ts
FN:70,getPlanConfig
FN:74,getAssignmentLimit
FN:78,serializeAssignmentLimit
FN:83,listPlanCatalog
FN:84,(anonymous_4)
FN:87,hasPlanFeature
FNF:6
FNH:3
FNDA:0,getPlanConfig
FNDA:10,getAssignmentLimit
FNDA:3,serializeAssignmentLimit
FNDA:0,listPlanCatalog
FNDA:0,(anonymous_4)
FNDA:6,hasPlanFeature
DA:1,2
DA:3,2
DA:25,2
DA:70,2
DA:71,0
DA:74,2
DA:75,10
DA:78,2
DA:79,3
DA:80,3
DA:83,2
DA:84,0
DA:87,2
DA:88,6
LF:14
LH:12
BRDA:80,0,0,1
BRDA:80,0,1,2
BRF:2
BRH:2
end_of_record
TN:
SF:src/modules/user/plan-eligibility.service.ts
FN:27,checkGenerationEligibility
FN:67,canGenerateAssignments
FN:75,canExportPdf
FN:80,canUseFeature
FNF:4
FNH:1
FNDA:6,checkGenerationEligibility
FNDA:0,canGenerateAssignments
FNDA:0,canExportPdf
FNDA:0,canUseFeature
DA:1,2
DA:6,2
DA:27,2
DA:30,6
DA:31,6
DA:33,6
DA:34,0
DA:44,6
DA:45,2
DA:54,4
DA:55,4
DA:57,4
DA:67,2
DA:70,0
DA:71,0
DA:75,2
DA:76,0
DA:80,2
DA:84,0
LF:19
LH:14
BRDA:33,0,0,0
BRDA:33,0,1,6
BRDA:44,1,0,2
BRDA:44,1,1,4
BRF:4
BRH:3
end_of_record
TN:
SF:src/modules/user/user.model.ts
FN:51,(anonymous_9)
FN:59,(anonymous_10)
FNF:2
FNH:0
FNDA:0,(anonymous_9)
FNDA:0,(anonymous_10)
DA:1,1
DA:2,1
DA:9,1
DA:16,1
DA:36,1
DA:51,0
DA:59,0
DA:65,1
DA:66,1
DA:71,1
LF:10
LH:8
BRF:0
BRH:0
end_of_record
TN:
SF:src/modules/user/user.service.ts
FN:14,upsertUserFromFirebaseClaims
FN:56,findUserByFirebaseUid
FN:63,incrementAssignmentUsage
FNF:3
FNH:1
FNDA:0,upsertUserFromFirebaseClaims
FNDA:0,findUserByFirebaseUid
FNDA:5,incrementAssignmentUsage
DA:1,2
DA:14,2
DA:18,0
DA:21,0
DA:23,0
DA:24,0
DA:27,0
DA:28,0
DA:31,0
DA:49,0
DA:50,0
DA:53,0
DA:56,2
DA:59,0
DA:63,2
DA:64,5
DA:69,5
DA:70,1
LF:18
LH:7
BRDA:18,0,0,0
BRDA:18,0,1,0
BRDA:23,1,0,0
BRDA:23,1,1,0
BRDA:27,2,0,0
BRDA:27,2,1,0
BRDA:49,3,0,0
BRDA:49,3,1,0
BRDA:69,4,0,1
BRDA:69,4,1,4
BRF:10
BRH:2
end_of_record
TN:
SF:src/modules/user/user.types.ts
FNF:0
FNH:0
DA:1,2
DA:5,2
DA:14,2
LF:3
LH:3
BRF:0
BRH:0
end_of_record
TN:
SF:src/queues/assignment.queue.ts
FN:26,isAssignmentQueueReady
FN:30,initAssignmentQueue
FN:49,(anonymous_2)
FN:63,enqueueAssignmentGeneration
FN:87,closeAssignmentQueue
FNF:5
FNH:0
FNDA:0,isAssignmentQueueReady
FNDA:0,initAssignmentQueue
FNDA:0,(anonymous_2)
FNDA:0,enqueueAssignmentGeneration
FNDA:0,closeAssignmentQueue
DA:1,1
DA:3,1
DA:4,1
DA:5,1
DA:6,1
DA:8,1
DA:26,1
DA:27,0
DA:30,1
DA:31,0
DA:49,0
DA:50,0
DA:51,0
DA:54,0
DA:57,0
DA:60,0
DA:63,1
DA:66,0
DA:67,0
DA:72,0
DA:74,0
DA:78,0
DA:84,0
DA:87,1
DA:88,0
DA:90,0
DA:91,0
LF:27
LH:10
BRDA:27,0,0,0
BRDA:27,0,1,0
BRDA:50,1,0,0
BRDA:50,1,1,0
BRDA:66,2,0,0
BRDA:66,2,1,0
BRDA:80,3,0,0
BRDA:80,3,1,0
BRDA:88,4,0,0
BRDA:88,4,1,0
BRF:10
BRH:0
end_of_record
TN:
SF:src/queues/redis-quota.ts
FN:8,isRedisQuotaError
FN:13,isRedisQuotaExceeded
FN:17,markRedisQuotaExceeded
FN:36,createRedisRetryStrategy
FN:37,(anonymous_4)
FN:51,shouldReconnectOnError
FNF:6
FNH:0
FNDA:0,isRedisQuotaError
FNDA:0,isRedisQuotaExceeded
FNDA:0,markRedisQuotaExceeded
FNDA:0,createRedisRetryStrategy
FNDA:0,(anonymous_4)
FNDA:0,shouldReconnectOnError
DA:1,1
DA:3,1
DA:5,1
DA:6,1
DA:8,1
DA:9,0
DA:10,0
DA:13,1
DA:14,0
DA:17,1
DA:18,0
DA:20,0
DA:22,0
DA:23,0
DA:25,0
DA:26,0
DA:36,1
DA:37,0
DA:38,0
DA:39,0
DA:42,0
DA:43,0
DA:46,0
DA:47,0
DA:51,1
DA:52,0
DA:53,0
DA:54,0
DA:57,0
LF:29
LH:9
BRDA:9,0,0,0
BRDA:9,0,1,0
BRDA:18,1,0,0
BRDA:18,1,1,0
BRDA:22,2,0,0
BRDA:22,2,1,0
BRDA:25,3,0,0
BRDA:25,3,1,0
BRDA:38,4,0,0
BRDA:38,4,1,0
BRDA:42,5,0,0
BRDA:42,5,1,0
BRDA:52,6,0,0
BRDA:52,6,1,0
BRF:14
BRH:0
end_of_record
TN:
SF:src/queues/redis.ts
FN:16,isUpstashUrl
FN:20,buildBaseOptions
FN:39,createClient
FN:51,(anonymous_4)
FN:62,connectRedis
FN:80,disconnectRedis
FNF:6
FNH:0
FNDA:0,isUpstashUrl
FNDA:0,buildBaseOptions
FNDA:0,createClient
FNDA:0,(anonymous_4)
FNDA:0,connectRedis
FNDA:0,disconnectRedis
DA:1,1
DA:2,1
DA:3,1
DA:4,1
DA:17,0
DA:21,0
DA:23,0
DA:40,0
DA:42,0
DA:51,0
DA:52,0
DA:53,0
DA:56,0
DA:59,0
DA:62,1
DA:63,0
DA:64,0
DA:65,0
DA:67,0
DA:68,0
DA:69,0
DA:74,0
DA:75,0
DA:76,0
DA:80,1
DA:81,0
DA:83,0
DA:84,0
DA:86,0
DA:87,0
DA:90,0
LF:31
LH:6
BRDA:17,0,0,0
BRDA:17,0,1,0
BRDA:29,1,0,0
BRDA:29,1,1,0
BRDA:42,2,0,0
BRDA:42,2,1,0
BRDA:52,3,0,0
BRDA:52,3,1,0
BRDA:74,4,0,0
BRDA:74,4,1,0
BRDA:81,5,0,0
BRDA:81,5,1,0
BRDA:86,6,0,0
BRDA:86,6,1,0
BRF:14
BRH:0
end_of_record
TN:
SF:src/queues/worker-lifecycle.ts
FN:15,isBlockingControlInterruptMessage
FN:25,markWorkerControlAction
FN:29,markWorkerClosing
FN:34,isExpectedWorkerControlError
FN:46,registerAssignmentWorker
FN:52,clearIdlePauseTimer
FN:59,schedulePauseWhenIdle
FN:62,(anonymous_7)
FN:73,(anonymous_8)
FN:76,(anonymous_9)
FN:88,ensureWorkerProcessing
FN:118,(anonymous_11)
FN:123,(anonymous_12)
FN:134,resumeWorkerIfPaused
FN:139,startWorkerProcessingIfNeeded
FN:145,getWorkerHealthState
FN:161,closeRegisteredWorker
FNF:17
FNH:0
FNDA:0,isBlockingControlInterruptMessage
FNDA:0,markWorkerControlAction
FNDA:0,markWorkerClosing
FNDA:0,isExpectedWorkerControlError
FNDA:0,registerAssignmentWorker
FNDA:0,clearIdlePauseTimer
FNDA:0,schedulePauseWhenIdle
FNDA:0,(anonymous_7)
FNDA:0,(anonymous_8)
FNDA:0,(anonymous_9)
FNDA:0,ensureWorkerProcessing
FNDA:0,(anonymous_11)
FNDA:0,(anonymous_12)
FNDA:0,resumeWorkerIfPaused
FNDA:0,startWorkerProcessingIfNeeded
FNDA:0,getWorkerHealthState
FNDA:0,closeRegisteredWorker
DA:2,1
DA:4,1
DA:6,1
DA:7,1
DA:8,1
DA:9,1
DA:12,1
DA:13,1
DA:16,0
DA:17,0
DA:25,1
DA:26,0
DA:29,1
DA:30,0
DA:31,0
DA:34,1
DA:35,0
DA:36,0
DA:39,0
DA:40,0
DA:43,0
DA:46,1
DA:49,0
DA:52,1
DA:53,0
DA:54,0
DA:55,0
DA:59,1
DA:60,0
DA:62,0
DA:63,0
DA:65,0
DA:66,0
DA:69,0
DA:71,0
DA:74,0
DA:77,0
DA:78,0
DA:89,0
DA:90,0
DA:93,0
DA:95,0
DA:96,0
DA:97,0
DA:98,0
DA:100,0
DA:103,0
DA:104,0
DA:105,0
DA:106,0
DA:107,0
DA:110,0
DA:111,0
DA:114,0
DA:116,0
DA:119,0
DA:120,0
DA:124,0
DA:127,0
DA:128,0
DA:131,0
DA:134,1
DA:135,0
DA:136,0
DA:139,1
DA:140,0
DA:145,1
DA:146,0
DA:147,0
DA:150,0
DA:151,0
DA:154,0
DA:155,0
DA:158,0
DA:161,1
DA:162,0
DA:164,0
DA:166,0
DA:168,0
DA:169,0
LF:80
LH:18
BRDA:16,0,0,0
BRDA:16,0,1,0
BRDA:18,1,0,0
BRDA:18,1,1,0
BRDA:18,1,2,0
BRDA:35,2,0,0
BRDA:35,2,1,0
BRDA:39,3,0,0
BRDA:39,3,1,0
BRDA:39,4,0,0
BRDA:39,4,1,0
BRDA:53,5,0,0
BRDA:53,5,1,0
BRDA:65,6,0,0
BRDA:65,6,1,0
BRDA:65,7,0,0
BRDA:65,7,1,0
BRDA:65,7,2,0
BRDA:77,8,0,0
BRDA:77,8,1,0
BRDA:89,9,0,0
BRDA:89,9,1,0
BRDA:89,10,0,0
BRDA:89,10,1,0
BRDA:89,10,2,0
BRDA:95,11,0,0
BRDA:95,11,1,0
BRDA:96,12,0,0
BRDA:96,12,1,0
BRDA:103,13,0,0
BRDA:103,13,1,0
BRDA:110,14,0,0
BRDA:110,14,1,0
BRDA:119,15,0,0
BRDA:119,15,1,0
BRDA:127,16,0,0
BRDA:127,16,1,0
BRDA:146,17,0,0
BRDA:146,17,1,0
BRDA:146,18,0,0
BRDA:146,18,1,0
BRDA:150,19,0,0
BRDA:150,19,1,0
BRDA:154,20,0,0
BRDA:154,20,1,0
BRDA:154,21,0,0
BRDA:154,21,1,0
BRDA:161,22,0,0
BRDA:164,23,0,0
BRDA:164,23,1,0
BRDA:164,24,0,0
BRDA:164,24,1,0
BRF:52
BRH:0
end_of_record
TN:
SF:src/services/ai.service.ts
FN:31,truncateMaterialText
FN:35,buildAssignmentPrompt
FN:110,buildFailureMetrics
FN:126,generateAssignmentPaper
FN:147,(anonymous_4)
FNF:5
FNH:4
FNDA:0,truncateMaterialText
FNDA:2,buildAssignmentPrompt
FNDA:2,buildFailureMetrics
FNDA:2,generateAssignmentPaper
FNDA:2,(anonymous_4)
DA:7,1
DA:8,1
DA:9,1
DA:13,1
DA:14,1
DA:32,0
DA:36,2
DA:37,2
DA:38,2
DA:40,2
DA:54,2
DA:117,2
DA:126,1
DA:129,2
DA:130,2
DA:131,2
DA:132,2
DA:134,2
DA:140,2
DA:141,2
DA:142,2
DA:143,2
DA:144,2
DA:146,2
DA:147,2
DA:154,2
DA:155,2
DA:156,2
DA:161,0
DA:167,0
DA:168,0
DA:175,0
DA:181,0
DA:188,0
DA:190,2
DA:192,2
DA:193,2
DA:201,2
DA:209,2
LF:39
LH:32
BRDA:37,0,0,0
BRDA:37,0,1,2
BRDA:40,1,0,0
BRDA:40,1,1,2
BRDA:95,2,0,0
BRDA:95,2,1,2
BRDA:155,3,0,2
BRDA:155,3,1,0
BRDA:192,4,0,2
BRDA:192,4,1,0
BRF:10
BRH:5
end_of_record
TN:
SF:src/services/material-parser.service.ts
FN:15,normalizeMaterialText
FN:24,resolveMaterialFileType
FN:41,isAllowedMaterialUpload
FN:52,parsePdfFile
FN:80,parseTxtFile
FN:112,parseMaterialFile
FN:146,deleteUploadedFiles
FN:148,(anonymous_8)
FN:160,cleanupStaleUploads
FN:201,parseMaterialFiles
FN:213,(anonymous_11)
FN:215,(anonymous_12)
FN:229,(anonymous_13)
FNF:13
FNH:0
FNDA:0,normalizeMaterialText
FNDA:0,resolveMaterialFileType
FNDA:0,isAllowedMaterialUpload
FNDA:0,parsePdfFile
FNDA:0,parseTxtFile
FNDA:0,parseMaterialFile
FNDA:0,deleteUploadedFiles
FNDA:0,(anonymous_8)
FNDA:0,cleanupStaleUploads
FNDA:0,parseMaterialFiles
FNDA:0,(anonymous_11)
FNDA:0,(anonymous_12)
FNDA:0,(anonymous_13)
DA:1,1
DA:2,1
DA:3,1
DA:5,1
DA:6,1
DA:8,1
DA:9,1
DA:10,1
DA:12,1
DA:13,1
DA:15,1
DA:16,0
DA:24,1
DA:28,0
DA:30,0
DA:31,0
DA:34,0
DA:35,0
DA:38,0
DA:41,1
DA:45,0
DA:46,0
DA:56,0
DA:57,0
DA:58,0
DA:59,0
DA:61,0
DA:66,0
DA:67,0
DA:70,0
DA:72,0
DA:73,0
DA:74,0
DA:84,0
DA:85,0
DA:86,0
DA:88,0
DA:93,0
DA:94,0
DA:97,0
DA:99,0
DA:100,0
DA:101,0
DA:112,1
DA:118,0
DA:120,0
DA:121,0
DA:125,0
DA:129,0
DA:130,0
DA:133,0
DA:146,1
DA:147,0
DA:149,0
DA:150,0
DA:152,0
DA:153,0
DA:160,1
DA:163,0
DA:164,0
DA:165,0
DA:166,0
DA:168,0
DA:169,0
DA:170,0
DA:171,0
DA:172,0
DA:173,0
DA:175,0
DA:176,0
DA:182,0
DA:183,0
DA:186,0
DA:187,0
DA:189,0
DA:190,0
DA:201,1
DA:209,0
DA:210,0
DA:213,0
DA:214,0
DA:215,0
DA:218,0
DA:219,0
DA:220,0
DA:223,0
DA:229,0
DA:233,0
DA:238,0
LF:89
LH:17
BRDA:30,0,0,0
BRDA:30,0,1,0
BRDA:30,1,0,0
BRDA:30,1,1,0
BRDA:34,2,0,0
BRDA:34,2,1,0
BRDA:34,3,0,0
BRDA:34,3,1,0
BRDA:47,4,0,0
BRDA:47,4,1,0
BRDA:47,4,2,0
BRDA:59,5,0,0
BRDA:59,5,1,0
BRDA:66,6,0,0
BRDA:66,6,1,0
BRDA:72,7,0,0
BRDA:72,7,1,0
BRDA:93,8,0,0
BRDA:93,8,1,0
BRDA:99,9,0,0
BRDA:99,9,1,0
BRDA:120,10,0,0
BRDA:120,10,1,0
BRDA:125,11,0,0
BRDA:125,11,1,0
BRDA:129,12,0,0
BRDA:129,12,1,0
BRDA:152,13,0,0
BRDA:152,13,1,0
BRDA:161,14,0,0
BRDA:172,15,0,0
BRDA:172,15,1,0
BRDA:173,16,0,0
BRDA:173,16,1,0
BRDA:182,17,0,0
BRDA:182,17,1,0
BRDA:187,18,0,0
BRDA:187,18,1,0
BRDA:189,19,0,0
BRDA:189,19,1,0
BRDA:209,20,0,0
BRDA:209,20,1,0
BRDA:219,21,0,0
BRDA:219,21,1,0
BRDA:225,22,0,0
BRDA:225,22,1,0
BRF:46
BRH:0
end_of_record
TN:
SF:src/services/ai/generation-metrics.ts
FN:16,classifyGenerationError
FN:45,(anonymous_1)
FNF:2
FNH:2
FNDA:2,classifyGenerationError
FNDA:2,(anonymous_1)
DA:16,1
DA:18,2
DA:20,2
DA:21,0
DA:24,2
DA:28,2
DA:31,0
DA:32,0
DA:35,0
DA:36,0
DA:39,0
DA:42,1
DA:46,2
DA:47,2
DA:48,2
LF:15
LH:9
BRDA:18,0,0,2
BRDA:18,0,1,0
BRDA:20,1,0,0
BRDA:20,1,1,2
BRDA:24,2,0,2
BRDA:24,2,1,0
BRDA:25,3,0,2
BRDA:25,3,1,0
BRDA:31,4,0,0
BRDA:31,4,1,0
BRDA:35,5,0,0
BRDA:35,5,1,0
BRF:12
BRH:4
end_of_record
TN:
SF:src/services/ai/response-parser.ts
FN:39,(anonymous_0)
FN:41,(anonymous_1)
FN:54,(anonymous_2)
FN:66,(anonymous_3)
FN:67,(anonymous_4)
FN:88,cleanRawText
FN:117,countQuestionsFromParsed
FN:128,(anonymous_7)
FN:138,parseJson
FN:152,formatZodError
FN:154,(anonymous_10)
FN:161,parseAIResponse
FNF:12
FNH:12
FNDA:6,(anonymous_0)
FNDA:6,(anonymous_1)
FNDA:8,(anonymous_2)
FNDA:8,(anonymous_3)
FNDA:3,(anonymous_4)
FNDA:9,cleanRawText
FNDA:4,countQuestionsFromParsed
FNDA:3,(anonymous_7)
FNDA:9,parseJson
FNDA:8,formatZodError
FNDA:8,(anonymous_10)
FNDA:9,parseAIResponse
DA:1,2
DA:2,2
DA:4,2
DA:6,2
DA:12,2
DA:20,2
DA:30,2
DA:40,6
DA:41,6
DA:45,6
DA:46,1
DA:51,1
DA:54,8
DA:55,5
DA:57,5
DA:58,0
DA:63,0
DA:66,8
DA:67,5
DA:69,5
DA:70,8
DA:71,1
DA:77,1
DA:89,9
DA:91,9
DA:92,0
DA:96,9
DA:100,9
DA:101,1
DA:104,8
DA:110,9
DA:111,0
DA:114,9
DA:118,4
DA:119,1
DA:122,3
DA:124,3
DA:125,0
DA:128,3
DA:129,3
DA:130,0
DA:133,3
DA:134,3
DA:139,9
DA:140,9
DA:143,1
DA:144,1
DA:148,1
DA:153,8
DA:155,8
DA:156,8
DA:161,2
DA:162,9
DA:163,9
DA:165,8
DA:167,8
DA:168,4
DA:169,4
DA:173,4
DA:178,4
LF:60
LH:54
BRDA:45,0,0,1
BRDA:45,0,1,5
BRDA:57,1,0,0
BRDA:57,1,1,5
BRDA:70,2,0,1
BRDA:70,2,1,7
BRDA:91,3,0,0
BRDA:91,3,1,9
BRDA:100,4,0,1
BRDA:100,4,1,8
BRDA:110,5,0,0
BRDA:110,5,1,9
BRDA:118,6,0,1
BRDA:118,6,1,3
BRDA:118,7,0,4
BRDA:118,7,1,4
BRDA:118,7,2,4
BRDA:124,8,0,0
BRDA:124,8,1,3
BRDA:129,9,0,0
BRDA:129,9,1,3
BRDA:129,10,0,3
BRDA:129,10,1,3
BRDA:129,10,2,3
BRDA:134,11,0,3
BRDA:134,11,1,0
BRDA:143,12,0,1
BRDA:143,12,1,0
BRDA:155,13,0,8
BRDA:155,13,1,0
BRDA:167,14,0,4
BRDA:167,14,1,4
BRDA:171,15,0,3
BRDA:171,15,1,1
BRF:34
BRH:26
end_of_record
TN:
SF:src/utils/logger.ts
FN:5,formatMeta
FN:9,logInfo
FN:15,logWarn
FN:21,logError
FN:28,logDebug
FNF:5
FNH:3
FNDA:9,formatMeta
FNDA:2,logInfo
FNDA:0,logWarn
FNDA:7,logError
FNDA:0,logDebug
DA:1,3
DA:6,9
DA:9,3
DA:10,2
DA:11,2
DA:12,0
DA:15,3
DA:16,0
DA:17,0
DA:18,0
DA:21,3
DA:22,7
DA:23,7
DA:24,0
DA:28,3
DA:29,0
DA:31,0
DA:32,0
DA:33,0
LF:19
LH:10
BRDA:6,0,0,9
BRDA:6,0,1,0
BRDA:6,1,0,9
BRDA:6,1,1,9
BRDA:11,2,0,2
BRDA:11,2,1,0
BRDA:17,3,0,0
BRDA:17,3,1,0
BRDA:23,4,0,7
BRDA:23,4,1,0
BRDA:29,5,0,0
BRDA:29,5,1,0
BRDA:32,6,0,0
BRDA:32,6,1,0
BRF:14
BRH:5
end_of_record
